2024-01-17 11:56:50,834 - student_scan - INFO - Log initialization
2024-01-17 11:57:29,306 - student_scan - INFO - SCAN: ==== GENERAL ====
2024-01-17 11:57:29,441 - student_scan - INFO - SCAN: complexity -> 55
2024-01-17 11:57:29,443 - student_scan - INFO - SCAN: duplicated_blocks -> 0
2024-01-17 11:57:29,445 - student_scan - INFO - SCAN: cognitive_complexity -> 28
2024-01-17 11:57:29,449 - student_scan - INFO - SCAN: duplicated_files -> 0
2024-01-17 11:57:29,450 - student_scan - INFO - SCAN: ==== ISSUES ====
2024-01-17 11:57:29,591 - student_scan - INFO - SCAN: open_issues -> 42
2024-01-17 11:57:29,593 - student_scan - INFO - SCAN: new_info_violations -> 4
2024-01-17 11:57:29,594 - student_scan - INFO - SCAN: new_violations -> 15
2024-01-17 11:57:29,596 - student_scan - INFO - SCAN: new_blocker_violations -> 1
2024-01-17 11:57:29,597 - student_scan - INFO - SCAN: info_violations -> 4
2024-01-17 11:57:29,598 - student_scan - INFO - SCAN: reopened_issues -> 0
2024-01-17 11:57:29,600 - student_scan - INFO - SCAN: blocker_violations -> 1
2024-01-17 11:57:29,605 - student_scan - INFO - SCAN: critical_violations -> 8
2024-01-17 11:57:29,607 - student_scan - INFO - SCAN: confirmed_issues -> 0
2024-01-17 11:57:29,609 - student_scan - INFO - SCAN: new_major_violations -> 7
2024-01-17 11:57:29,610 - student_scan - INFO - SCAN: minor_violations -> 9
2024-01-17 11:57:29,611 - student_scan - INFO - SCAN: major_violations -> 20
2024-01-17 11:57:29,613 - student_scan - INFO - SCAN: new_minor_violations -> 1
2024-01-17 11:57:29,614 - student_scan - INFO - SCAN: violations -> 42
2024-01-17 11:57:29,616 - student_scan - INFO - SCAN: new_critical_violations -> 2
2024-01-17 11:57:29,620 - student_scan - INFO - SCAN: ==== MAINTAINABILITY ====
2024-01-17 11:57:29,751 - student_scan - INFO - SCAN: sqale_index -> 291
2024-01-17 11:57:29,752 - student_scan - INFO - SCAN: sqale_rating -> 1.0
2024-01-17 11:57:29,753 - student_scan - INFO - SCAN: new_technical_debt -> 94
2024-01-17 11:57:29,754 - student_scan - INFO - SCAN: sqale_debt_ratio -> 2.9
2024-01-17 11:57:29,755 - student_scan - INFO - SCAN: code_smells -> 41
2024-01-17 11:57:29,757 - student_scan - INFO - SCAN: new_code_smells -> 14
2024-01-17 11:57:29,764 - student_scan - INFO - SCAN: new_sqale_debt_ratio -> 1.87215
2024-01-17 11:57:29,765 - student_scan - INFO - SCAN: ==== QUALITY GATES ====
2024-01-17 11:57:29,894 - student_scan - INFO - SCAN: quality_gate_details -> {"level":"ERROR","conditions":[{"metric":"new_coverage","op":"LT","period":1,"error":"80","actual":"0.0","level":"ERROR"},{"metric":"new_duplicated_lines_density","op":"GT","period":1,"error":"3","actual":"0.0","level":"OK"},{"metric":"new_security_hotspots_reviewed","op":"LT","period":1,"error":"100","actual":"0.0","level":"ERROR"},{"metric":"new_violations","op":"GT","period":1,"error":"0","actual":"15","level":"ERROR"}],"ignoredConditions":false}
2024-01-17 11:57:29,896 - student_scan - INFO - SCAN: alert_status -> ERROR
2024-01-17 11:57:29,897 - student_scan - INFO - SCAN: ==== RELIABILITY ====
2024-01-17 11:57:30,051 - student_scan - INFO - SCAN: new_reliability_remediation_effort -> 5
2024-01-17 11:57:30,053 - student_scan - INFO - SCAN: reliability_remediation_effort -> 5
2024-01-17 11:57:30,054 - student_scan - INFO - SCAN: bugs -> 1
2024-01-17 11:57:30,056 - student_scan - INFO - SCAN: new_bugs -> 1
2024-01-17 11:57:30,058 - student_scan - INFO - SCAN: reliability_rating -> 5.0
2024-01-17 11:57:30,062 - student_scan - INFO - SCAN: ==== SECURITY ====
2024-01-17 11:57:30,196 - student_scan - INFO - SCAN: new_security_hotspots -> 1
2024-01-17 11:57:30,197 - student_scan - INFO - SCAN: security_remediation_effort -> 0
2024-01-17 11:57:30,199 - student_scan - INFO - SCAN: security_review_rating -> 5.0
2024-01-17 11:57:30,200 - student_scan - INFO - SCAN: security_hotspots_reviewed -> 0.0
2024-01-17 11:57:30,200 - student_scan - INFO - SCAN: new_security_review_rating -> 5.0
2024-01-17 11:57:30,201 - student_scan - INFO - SCAN: vulnerabilities -> 0
2024-01-17 11:57:30,202 - student_scan - INFO - SCAN: security_rating -> 1.0
2024-01-17 11:57:30,205 - student_scan - INFO - SCAN: new_security_hotspots_reviewed -> 0.0
2024-01-17 11:57:30,205 - student_scan - INFO - SCAN: security_hotspots -> 1
2024-01-17 11:57:30,206 - student_scan - INFO - SCAN: new_vulnerabilities -> 0
2024-01-17 11:57:30,207 - student_scan - INFO - SCAN: ==== SIZE ====
2024-01-17 11:57:30,353 - student_scan - INFO - SCAN: ncloc_language_distribution -> java=244;xml=91
2024-01-17 11:57:30,354 - student_scan - INFO - SCAN: statements -> 97
2024-01-17 11:57:30,356 - student_scan - INFO - SCAN: comment_lines_density -> 8.7
2024-01-17 11:57:30,357 - student_scan - INFO - SCAN: comment_lines -> 32
2024-01-17 11:57:30,361 - student_scan - INFO - SCAN: functions -> 35
2024-01-17 11:57:30,362 - student_scan - INFO - SCAN: classes -> 13
2024-01-17 11:57:30,363 - student_scan - INFO - SCAN: lines -> 529
2024-01-17 11:57:30,363 - student_scan - INFO - SCAN: ncloc -> 335
2024-01-17 11:57:30,363 - student_scan - INFO - SCAN: ==== TESTS ====
2024-01-17 11:57:30,600 - student_scan - INFO - SCAN: new_uncovered_conditions -> 0
2024-01-17 11:57:30,601 - student_scan - INFO - SCAN: test_errors -> 0
2024-01-17 11:57:30,602 - student_scan - INFO - SCAN: new_line_coverage -> 0.0
2024-01-17 11:57:30,605 - student_scan - INFO - SCAN: new_lines_to_cover -> 32
2024-01-17 11:57:30,605 - student_scan - INFO - SCAN: lines_to_cover -> 135
2024-01-17 11:57:30,606 - student_scan - INFO - SCAN: skipped_tests -> 0
2024-01-17 11:57:30,607 - student_scan - INFO - SCAN: test_failures -> 0
2024-01-17 11:57:30,609 - student_scan - INFO - SCAN: new_uncovered_lines -> 32
2024-01-17 11:57:30,610 - student_scan - INFO - SCAN: uncovered_lines -> 135
2024-01-17 11:57:30,615 - student_scan - INFO - SCAN: new_coverage -> 0.0
2024-01-17 11:57:30,616 - student_scan - INFO - SCAN: tests -> 3
2024-01-17 11:57:30,618 - student_scan - INFO - SCAN: coverage -> 0.0
2024-01-17 11:57:30,619 - student_scan - INFO - SCAN: test_execution_time -> 2
2024-01-17 11:57:30,620 - student_scan - INFO - SCAN: line_coverage -> 0.0
2024-01-17 11:57:30,622 - student_scan - INFO - SCAN: test_success_density -> 100.0
