2024-01-08 17:32:40,335 - student - INFO - Log initialization
2024-01-08 17:32:40,335 - student - INFO - START: 2052031 - lohithdemo
2024-01-08 17:32:40,437 - student - ERROR - (3, 'rmdir C:\\evaluate\\build\\20240108173238\\2052031\\lohithdemo\\java-core /S /Q')
2024-01-08 17:32:40,438 - student - INFO - CLONE: https://github.com/lohithdemo/java-core
2024-01-08 17:32:41,593 - student - INFO - CLONE: Successful
2024-01-08 17:32:41,595 - student - INFO - BUILD: Start
2024-01-08 17:32:46,990 - student - INFO - BUILD: Successful
2024-01-08 17:32:46,990 - student - INFO - TEST: Start
2024-01-08 17:32:47,646 - student - INFO - TEST: START D01
2024-01-08 17:32:47,828 - student - INFO - TEST: END D01
2024-01-08 17:32:47,829 - student - INFO - TEST: START D02
2024-01-08 17:32:47,857 - student - INFO - TEST: END D02
2024-01-08 17:32:47,858 - student - INFO - TEST: SKIP D03
2024-01-08 17:32:47,859 - student - INFO - TEST: SKIP D04
2024-01-08 17:32:47,861 - student - INFO - TEST: SKIP D05
2024-01-08 17:32:47,862 - student - INFO - TEST: SKIP D06
2024-01-08 17:32:47,869 - student - INFO - TEST: SKIP D07
2024-01-08 17:32:47,871 - student - INFO - TEST: SKIP D08
2024-01-08 17:32:47,872 - student - INFO - TEST: SKIP D09
2024-01-08 17:32:47,873 - student - INFO - TEST: SKIP D10
2024-01-08 17:32:47,874 - student - INFO - TEST: End
