2024-01-16 11:56:34,951 - student_scan - INFO - Log initialization
2024-01-16 11:56:45,709 - student_scan - INFO - SCAN: ==== GENERAL ====
2024-01-16 11:56:45,850 - student_scan - INFO - SCAN: complexity -> 48
2024-01-16 11:56:45,853 - student_scan - INFO - SCAN: cognitive_complexity -> 24
2024-01-16 11:56:45,859 - student_scan - INFO - SCAN: duplicated_blocks -> 0
2024-01-16 11:56:45,861 - student_scan - INFO - SCAN: duplicated_files -> 0
2024-01-16 11:56:45,861 - student_scan - INFO - SCAN: ==== ISSUES ====
2024-01-16 11:56:45,995 - student_scan - INFO - SCAN: major_violations -> 13
2024-01-16 11:56:45,997 - student_scan - INFO - SCAN: violations -> 32
2024-01-16 11:56:45,999 - student_scan - INFO - SCAN: new_blocker_violations -> 0
2024-01-16 11:56:46,000 - student_scan - INFO - SCAN: new_major_violations -> 0
2024-01-16 11:56:46,001 - student_scan - INFO - SCAN: info_violations -> 3
2024-01-16 11:56:46,003 - student_scan - INFO - SCAN: open_issues -> 32
2024-01-16 11:56:46,010 - student_scan - INFO - SCAN: blocker_violations -> 0
2024-01-16 11:56:46,012 - student_scan - INFO - SCAN: new_info_violations -> 3
2024-01-16 11:56:46,014 - student_scan - INFO - SCAN: new_violations -> 5
2024-01-16 11:56:46,015 - student_scan - INFO - SCAN: minor_violations -> 9
2024-01-16 11:56:46,017 - student_scan - INFO - SCAN: critical_violations -> 7
2024-01-16 11:56:46,019 - student_scan - INFO - SCAN: new_critical_violations -> 1
2024-01-16 11:56:46,023 - student_scan - INFO - SCAN: confirmed_issues -> 0
2024-01-16 11:56:46,028 - student_scan - INFO - SCAN: new_minor_violations -> 1
2024-01-16 11:56:46,029 - student_scan - INFO - SCAN: reopened_issues -> 0
2024-01-16 11:56:46,030 - student_scan - INFO - SCAN: ==== MAINTAINABILITY ====
2024-01-16 11:56:46,148 - student_scan - INFO - SCAN: new_technical_debt -> 13
2024-01-16 11:56:46,149 - student_scan - INFO - SCAN: sqale_rating -> 1.0
2024-01-16 11:56:46,150 - student_scan - INFO - SCAN: new_sqale_debt_ratio -> 0.59829
2024-01-16 11:56:46,152 - student_scan - INFO - SCAN: sqale_index -> 210
2024-01-16 11:56:46,153 - student_scan - INFO - SCAN: code_smells -> 32
2024-01-16 11:56:46,155 - student_scan - INFO - SCAN: sqale_debt_ratio -> 2.6
2024-01-16 11:56:46,158 - student_scan - INFO - SCAN: new_code_smells -> 5
2024-01-16 11:56:46,159 - student_scan - INFO - SCAN: ==== QAULITY GATES ====
2024-01-16 11:56:46,300 - student_scan - INFO - SCAN: quality_gate_details -> {"level":"ERROR","conditions":[{"metric":"new_coverage","op":"LT","period":1,"error":"80","actual":"0.0","level":"ERROR"},{"metric":"new_duplicated_lines_density","op":"GT","period":1,"error":"3","actual":"0.0","level":"OK"},{"metric":"new_violations","op":"GT","period":1,"error":"0","actual":"5","level":"ERROR"}],"ignoredConditions":false}
2024-01-16 11:56:46,301 - student_scan - INFO - SCAN: alert_status -> ERROR
2024-01-16 11:56:46,302 - student_scan - INFO - SCAN: ==== RELIABILITY ====
2024-01-16 11:56:46,430 - student_scan - INFO - SCAN: bugs -> 0
2024-01-16 11:56:46,433 - student_scan - INFO - SCAN: new_bugs -> 0
2024-01-16 11:56:46,434 - student_scan - INFO - SCAN: reliability_rating -> 1.0
2024-01-16 11:56:46,437 - student_scan - INFO - SCAN: new_reliability_remediation_effort -> 0
2024-01-16 11:56:46,442 - student_scan - INFO - SCAN: reliability_remediation_effort -> 0
2024-01-16 11:56:46,443 - student_scan - INFO - SCAN: ==== SECURITY ====
2024-01-16 11:56:46,576 - student_scan - INFO - SCAN: security_review_rating -> 1.0
2024-01-16 11:56:46,579 - student_scan - INFO - SCAN: vulnerabilities -> 0
2024-01-16 11:56:46,580 - student_scan - INFO - SCAN: new_security_review_rating -> 1.0
2024-01-16 11:56:46,582 - student_scan - INFO - SCAN: security_remediation_effort -> 0
2024-01-16 11:56:46,583 - student_scan - INFO - SCAN: security_hotspots -> 0
2024-01-16 11:56:46,584 - student_scan - INFO - SCAN: new_vulnerabilities -> 0
2024-01-16 11:56:46,585 - student_scan - INFO - SCAN: new_security_hotspots -> 0
2024-01-16 11:56:46,587 - student_scan - INFO - SCAN: security_rating -> 1.0
2024-01-16 11:56:46,593 - student_scan - INFO - SCAN: ==== SIZE ====
2024-01-16 11:56:46,729 - student_scan - INFO - SCAN: ncloc -> 270
2024-01-16 11:56:46,730 - student_scan - INFO - SCAN: ncloc_language_distribution -> java=208;xml=62
2024-01-16 11:56:46,731 - student_scan - INFO - SCAN: comment_lines_density -> 10.0
2024-01-16 11:56:46,732 - student_scan - INFO - SCAN: functions -> 31
2024-01-16 11:56:46,734 - student_scan - INFO - SCAN: classes -> 12
2024-01-16 11:56:46,736 - student_scan - INFO - SCAN: statements -> 81
2024-01-16 11:56:46,737 - student_scan - INFO - SCAN: comment_lines -> 30
2024-01-16 11:56:46,740 - student_scan - INFO - SCAN: lines -> 444
2024-01-16 11:56:46,741 - student_scan - INFO - SCAN: ==== TESTS ====
2024-01-16 11:56:46,878 - student_scan - INFO - SCAN: test_execution_time -> 3
2024-01-16 11:56:46,879 - student_scan - INFO - SCAN: test_failures -> 0
2024-01-16 11:56:46,880 - student_scan - INFO - SCAN: lines_to_cover -> 111
2024-01-16 11:56:46,880 - student_scan - INFO - SCAN: new_lines_to_cover -> 8
2024-01-16 11:56:46,881 - student_scan - INFO - SCAN: new_uncovered_lines -> 8
2024-01-16 11:56:46,883 - student_scan - INFO - SCAN: uncovered_lines -> 111
2024-01-16 11:56:46,884 - student_scan - INFO - SCAN: new_coverage -> 0.0
2024-01-16 11:56:46,892 - student_scan - INFO - SCAN: line_coverage -> 0.0
2024-01-16 11:56:46,893 - student_scan - INFO - SCAN: new_uncovered_conditions -> 0
2024-01-16 11:56:46,894 - student_scan - INFO - SCAN: test_errors -> 0
2024-01-16 11:56:46,895 - student_scan - INFO - SCAN: coverage -> 0.0
2024-01-16 11:56:46,895 - student_scan - INFO - SCAN: tests -> 2
2024-01-16 11:56:46,896 - student_scan - INFO - SCAN: skipped_tests -> 0
2024-01-16 11:56:46,897 - student_scan - INFO - SCAN: test_success_density -> 100.0
2024-01-16 11:56:46,898 - student_scan - INFO - SCAN: new_line_coverage -> 0.0
