2024-01-16 18:01:14,267 - student_scan - INFO - Log initialization
2024-01-16 18:01:48,144 - student_scan - INFO - SCAN: ==== GENERAL ====
2024-01-16 18:01:48,284 - student_scan - INFO - SCAN: complexity -> 51
2024-01-16 18:01:48,285 - student_scan - INFO - SCAN: duplicated_files -> 0
2024-01-16 18:01:48,286 - student_scan - INFO - SCAN: duplicated_blocks -> 0
2024-01-16 18:01:48,288 - student_scan - INFO - SCAN: cognitive_complexity -> 26
2024-01-16 18:01:48,288 - student_scan - INFO - SCAN: ==== ISSUES ====
2024-01-16 18:01:48,443 - student_scan - INFO - SCAN: new_critical_violations -> 1
2024-01-16 18:01:48,445 - student_scan - INFO - SCAN: violations -> 32
2024-01-16 18:01:48,447 - student_scan - INFO - SCAN: new_minor_violations -> 1
2024-01-16 18:01:48,448 - student_scan - INFO - SCAN: minor_violations -> 9
2024-01-16 18:01:48,449 - student_scan - INFO - SCAN: reopened_issues -> 0
2024-01-16 18:01:48,450 - student_scan - INFO - SCAN: new_major_violations -> 0
2024-01-16 18:01:48,453 - student_scan - INFO - SCAN: new_info_violations -> 3
2024-01-16 18:01:48,459 - student_scan - INFO - SCAN: critical_violations -> 7
2024-01-16 18:01:48,461 - student_scan - INFO - SCAN: new_violations -> 5
2024-01-16 18:01:48,462 - student_scan - INFO - SCAN: confirmed_issues -> 0
2024-01-16 18:01:48,463 - student_scan - INFO - SCAN: blocker_violations -> 0
2024-01-16 18:01:48,465 - student_scan - INFO - SCAN: major_violations -> 13
2024-01-16 18:01:48,466 - student_scan - INFO - SCAN: open_issues -> 32
2024-01-16 18:01:48,467 - student_scan - INFO - SCAN: info_violations -> 3
2024-01-16 18:01:48,469 - student_scan - INFO - SCAN: new_blocker_violations -> 0
2024-01-16 18:01:48,474 - student_scan - INFO - SCAN: ==== MAINTAINABILITY ====
2024-01-16 18:01:48,611 - student_scan - INFO - SCAN: sqale_index -> 210
2024-01-16 18:01:48,617 - student_scan - INFO - SCAN: code_smells -> 32
2024-01-16 18:01:48,618 - student_scan - INFO - SCAN: sqale_rating -> 1.0
2024-01-16 18:01:48,620 - student_scan - INFO - SCAN: new_code_smells -> 5
2024-01-16 18:01:48,621 - student_scan - INFO - SCAN: new_technical_debt -> 13
2024-01-16 18:01:48,622 - student_scan - INFO - SCAN: new_sqale_debt_ratio -> 0.47619
2024-01-16 18:01:48,624 - student_scan - INFO - SCAN: sqale_debt_ratio -> 2.5
2024-01-16 18:01:48,624 - student_scan - INFO - SCAN: ==== QUALITY GATES ====
2024-01-16 18:01:48,765 - student_scan - INFO - SCAN: alert_status -> ERROR
2024-01-16 18:01:48,767 - student_scan - INFO - SCAN: quality_gate_details -> {"level":"ERROR","conditions":[{"metric":"new_coverage","op":"LT","period":1,"error":"80","actual":"0.0","level":"ERROR"},{"metric":"new_duplicated_lines_density","op":"GT","period":1,"error":"3","actual":"0.0","level":"OK"},{"metric":"new_violations","op":"GT","period":1,"error":"0","actual":"5","level":"ERROR"}],"ignoredConditions":false}
2024-01-16 18:01:48,768 - student_scan - INFO - SCAN: ==== RELIABILITY ====
2024-01-16 18:01:48,920 - student_scan - INFO - SCAN: new_reliability_remediation_effort -> 0
2024-01-16 18:01:48,922 - student_scan - INFO - SCAN: reliability_remediation_effort -> 0
2024-01-16 18:01:48,923 - student_scan - INFO - SCAN: new_bugs -> 0
2024-01-16 18:01:48,930 - student_scan - INFO - SCAN: reliability_rating -> 1.0
2024-01-16 18:01:48,931 - student_scan - INFO - SCAN: bugs -> 0
2024-01-16 18:01:48,932 - student_scan - INFO - SCAN: ==== SECURITY ====
2024-01-16 18:01:49,063 - student_scan - INFO - SCAN: vulnerabilities -> 0
2024-01-16 18:01:49,064 - student_scan - INFO - SCAN: new_security_hotspots -> 0
2024-01-16 18:01:49,066 - student_scan - INFO - SCAN: new_vulnerabilities -> 0
2024-01-16 18:01:49,067 - student_scan - INFO - SCAN: security_remediation_effort -> 0
2024-01-16 18:01:49,069 - student_scan - INFO - SCAN: security_rating -> 1.0
2024-01-16 18:01:49,071 - student_scan - INFO - SCAN: security_hotspots -> 0
2024-01-16 18:01:49,072 - student_scan - INFO - SCAN: security_review_rating -> 1.0
2024-01-16 18:01:49,073 - student_scan - INFO - SCAN: new_security_review_rating -> 1.0
2024-01-16 18:01:49,074 - student_scan - INFO - SCAN: ==== SIZE ====
2024-01-16 18:01:49,198 - student_scan - INFO - SCAN: lines -> 458
2024-01-16 18:01:49,199 - student_scan - INFO - SCAN: functions -> 32
2024-01-16 18:01:49,200 - student_scan - INFO - SCAN: classes -> 12
2024-01-16 18:01:49,202 - student_scan - INFO - SCAN: statements -> 87
2024-01-16 18:01:49,204 - student_scan - INFO - SCAN: ncloc -> 280
2024-01-16 18:01:49,204 - student_scan - INFO - SCAN: ncloc_language_distribution -> java=218;xml=62
2024-01-16 18:01:49,205 - student_scan - INFO - SCAN: comment_lines -> 30
2024-01-16 18:01:49,211 - student_scan - INFO - SCAN: comment_lines_density -> 9.7
2024-01-16 18:01:49,212 - student_scan - INFO - SCAN: ==== TESTS ====
2024-01-16 18:01:49,384 - student_scan - INFO - SCAN: test_execution_time -> 3
2024-01-16 18:01:49,385 - student_scan - INFO - SCAN: lines_to_cover -> 118
2024-01-16 18:01:49,386 - student_scan - INFO - SCAN: new_lines_to_cover -> 15
2024-01-16 18:01:49,389 - student_scan - INFO - SCAN: new_uncovered_conditions -> 0
2024-01-16 18:01:49,390 - student_scan - INFO - SCAN: uncovered_lines -> 118
2024-01-16 18:01:49,390 - student_scan - INFO - SCAN: skipped_tests -> 0
2024-01-16 18:01:49,392 - student_scan - INFO - SCAN: line_coverage -> 0.0
2024-01-16 18:01:49,393 - student_scan - INFO - SCAN: tests -> 2
2024-01-16 18:01:49,394 - student_scan - INFO - SCAN: new_coverage -> 0.0
2024-01-16 18:01:49,396 - student_scan - INFO - SCAN: new_uncovered_lines -> 15
2024-01-16 18:01:49,401 - student_scan - INFO - SCAN: test_success_density -> 100.0
2024-01-16 18:01:49,402 - student_scan - INFO - SCAN: coverage -> 0.0
2024-01-16 18:01:49,403 - student_scan - INFO - SCAN: test_errors -> 0
2024-01-16 18:01:49,406 - student_scan - INFO - SCAN: new_line_coverage -> 0.0
2024-01-16 18:01:49,406 - student_scan - INFO - SCAN: test_failures -> 0
