2024-01-11 19:14:43,511 - student_scan - INFO - Log initialization
2024-01-11 19:15:24,905 - student_scan - INFO - SCAN: new_uncovered_lines -> 0
2024-01-11 19:15:24,906 - student_scan - INFO - SCAN: coverage -> 0.0
2024-01-11 19:15:24,910 - student_scan - INFO - SCAN: new_sqale_debt_ratio -> 0.0
2024-01-11 19:15:24,911 - student_scan - INFO - SCAN: line_coverage -> 0.0
2024-01-11 19:15:24,913 - student_scan - INFO - SCAN: new_uncovered_conditions -> 0
2024-01-11 19:15:24,918 - student_scan - INFO - SCAN: new_security_hotspots -> 0
2024-01-11 19:15:24,919 - student_scan - INFO - SCAN: bugs -> 0
2024-01-11 19:15:24,920 - student_scan - INFO - SCAN: critical_violations -> 6
2024-01-11 19:15:24,922 - student_scan - INFO - SCAN: new_technical_debt -> 0
2024-01-11 19:15:24,923 - student_scan - INFO - SCAN: classes -> 11
2024-01-11 19:15:24,924 - student_scan - INFO - SCAN: info_violations -> 0
2024-01-11 19:15:24,925 - student_scan - INFO - SCAN: reliability_remediation_effort -> 0
2024-01-11 19:15:24,926 - student_scan - INFO - SCAN: security_remediation_effort -> 0
2024-01-11 19:15:24,928 - student_scan - INFO - SCAN: new_security_review_rating -> 1.0
2024-01-11 19:15:24,936 - student_scan - INFO - SCAN: new_critical_violations -> 0
2024-01-11 19:15:24,937 - student_scan - INFO - SCAN: new_vulnerabilities -> 0
2024-01-11 19:15:24,941 - student_scan - INFO - SCAN: functions -> 29
2024-01-11 19:15:24,942 - student_scan - INFO - SCAN: comment_lines -> 26
2024-01-11 19:15:24,943 - student_scan - INFO - SCAN: new_minor_violations -> 0
2024-01-11 19:15:24,944 - student_scan - INFO - SCAN: new_reliability_remediation_effort -> 0
2024-01-11 19:15:24,951 - student_scan - INFO - SCAN: reliability_rating -> 1.0
2024-01-11 19:15:24,954 - student_scan - INFO - SCAN: code_smells -> 27
2024-01-11 19:15:24,955 - student_scan - INFO - SCAN: reopened_issues -> 0
2024-01-11 19:15:24,957 - student_scan - INFO - SCAN: comment_lines_density -> 10.1
2024-01-11 19:15:24,958 - student_scan - INFO - SCAN: cognitive_complexity -> 22
2024-01-11 19:15:24,959 - student_scan - INFO - SCAN: new_major_violations -> 0
2024-01-11 19:15:24,969 - student_scan - INFO - SCAN: quality_gate_details -> {"level":"OK","conditions":[{"metric":"new_violations","op":"GT","period":1,"error":"0","actual":"0","level":"OK"}],"ignoredConditions":false}
2024-01-11 19:15:24,971 - student_scan - INFO - SCAN: new_violations -> 0
2024-01-11 19:15:24,972 - student_scan - INFO - SCAN: new_code_smells -> 0
2024-01-11 19:15:24,974 - student_scan - INFO - SCAN: new_lines_to_cover -> 0
2024-01-11 19:15:24,975 - student_scan - INFO - SCAN: new_bugs -> 0
2024-01-11 19:15:24,980 - student_scan - INFO - SCAN: new_info_violations -> 0
2024-01-11 19:15:24,982 - student_scan - INFO - SCAN: uncovered_lines -> 103
2024-01-11 19:15:24,986 - student_scan - INFO - SCAN: complexity -> 44
2024-01-11 19:15:24,987 - student_scan - INFO - SCAN: major_violations -> 13
2024-01-11 19:15:24,989 - student_scan - INFO - SCAN: ncloc_language_distribution -> java=191;xml=41
2024-01-11 19:15:24,989 - student_scan - INFO - SCAN: duplicated_files -> 0
2024-01-11 19:15:24,990 - student_scan - INFO - SCAN: lines_to_cover -> 103
2024-01-11 19:15:24,996 - student_scan - INFO - SCAN: ncloc -> 232
2024-01-11 19:15:24,999 - student_scan - INFO - SCAN: new_blocker_violations -> 0
2024-01-11 19:15:25,001 - student_scan - INFO - SCAN: alert_status -> OK
2024-01-11 19:15:25,002 - student_scan - INFO - SCAN: statements -> 75
2024-01-11 19:15:25,003 - student_scan - INFO - SCAN: duplicated_blocks -> 0
2024-01-11 19:15:25,004 - student_scan - INFO - SCAN: security_review_rating -> 1.0
2024-01-11 19:15:25,005 - student_scan - INFO - SCAN: confirmed_issues -> 0
2024-01-11 19:15:25,010 - student_scan - INFO - SCAN: open_issues -> 27
2024-01-11 19:15:25,013 - student_scan - INFO - SCAN: sqale_rating -> 1.0
2024-01-11 19:15:25,016 - student_scan - INFO - SCAN: minor_violations -> 8
2024-01-11 19:15:25,018 - student_scan - INFO - SCAN: security_hotspots -> 0
2024-01-11 19:15:25,019 - student_scan - INFO - SCAN: blocker_violations -> 0
2024-01-11 19:15:25,020 - student_scan - INFO - SCAN: sqale_index -> 197
2024-01-11 19:15:25,021 - student_scan - INFO - SCAN: violations -> 27
2024-01-11 19:15:25,025 - student_scan - INFO - SCAN: vulnerabilities -> 0
2024-01-11 19:15:25,026 - student_scan - INFO - SCAN: sqale_debt_ratio -> 2.8
2024-01-11 19:15:25,030 - student_scan - INFO - SCAN: security_rating -> 1.0
2024-01-11 19:15:25,032 - student_scan - INFO - SCAN: lines -> 390
