2024-01-09 16:57:53,016 - student - INFO - Log initialization
2024-01-09 16:57:53,017 - student - INFO - START: 2052031 - lohithdemo
2024-01-09 16:57:53,126 - student - ERROR - (3, 'rmdir C:\\evaluate\\build\\20240109165751\\2052031\\lohithdemo\\java-core /S /Q')
2024-01-09 16:57:53,126 - student - INFO - CLONE: https://github.com/lohithdemo/java-core
2024-01-09 16:57:54,278 - student - INFO - CLONE: Successful
2024-01-09 16:57:54,280 - student - INFO - BUILD: Start
2024-01-09 16:58:00,462 - student - INFO - BUILD: Successful
2024-01-09 16:58:00,463 - student - INFO - TEST: Start
2024-01-09 16:58:01,189 - student - INFO - TEST: START D01
2024-01-09 16:58:01,327 - student - INFO - TEST: START D01 tc_03
2024-01-09 16:58:01,413 - student - INFO - TEST: FAIL D01 tc_03 ("name 'ref' is not defined",)
2024-01-09 16:58:01,430 - student - INFO - TEST: END D01
2024-01-09 16:58:01,431 - student - INFO - TEST: SKIP D02
2024-01-09 16:58:01,434 - student - INFO - TEST: SKIP D03
2024-01-09 16:58:01,436 - student - INFO - TEST: SKIP D04
2024-01-09 16:58:01,438 - student - INFO - TEST: SKIP D05
2024-01-09 16:58:01,446 - student - INFO - TEST: SKIP D06
2024-01-09 16:58:01,448 - student - INFO - TEST: SKIP D07
2024-01-09 16:58:01,451 - student - INFO - TEST: SKIP D08
2024-01-09 16:58:01,453 - student - INFO - TEST: SKIP D09
2024-01-09 16:58:01,456 - student - INFO - TEST: SKIP D10
2024-01-09 16:58:01,460 - student - INFO - TEST: End
