2024-01-09 11:33:24,978 - student - INFO - Log initialization
2024-01-09 11:33:24,978 - student - INFO - START: 2052031 - lohithdemo
2024-01-09 11:33:25,099 - student - ERROR - (3, 'rmdir C:\\evaluate\\build\\20240109113323\\2052031\\lohithdemo\\java-core /S /Q')
2024-01-09 11:33:25,099 - student - INFO - CLONE: https://github.com/lohithdemo/java-core
2024-01-09 11:33:26,055 - student - INFO - CLONE: Successful
2024-01-09 11:33:26,058 - student - INFO - BUILD: Start
2024-01-09 11:33:31,812 - student - INFO - BUILD: Successful
2024-01-09 11:33:31,813 - student - INFO - TEST: Start
2024-01-09 11:33:32,504 - student - INFO - TEST: START D01
2024-01-09 11:33:32,514 - student - INFO - TEST: START D01 tc_01
2024-01-09 11:33:32,691 - student - INFO - TEST: END D01 tc_01
2024-01-09 11:33:32,694 - student - INFO - TEST: START D01 tc_02
2024-01-09 11:33:32,704 - student - INFO - TEST: START D01 tc_02 ("Failed to import 'learning.java.core.day1.Rectangle2'",)
2024-01-09 11:33:32,705 - student - INFO - TEST: END D01 tc_02
2024-01-09 11:33:32,727 - student - INFO - TEST: END D01
2024-01-09 11:33:32,738 - student - INFO - TEST: START D02
2024-01-09 11:33:32,778 - student - INFO - TEST: END D02
2024-01-09 11:33:32,781 - student - INFO - TEST: SKIP D03
2024-01-09 11:33:32,782 - student - INFO - TEST: SKIP D04
2024-01-09 11:33:32,783 - student - INFO - TEST: SKIP D05
2024-01-09 11:33:32,784 - student - INFO - TEST: SKIP D06
2024-01-09 11:33:32,786 - student - INFO - TEST: SKIP D07
2024-01-09 11:33:32,787 - student - INFO - TEST: SKIP D08
2024-01-09 11:33:32,795 - student - INFO - TEST: SKIP D09
2024-01-09 11:33:32,796 - student - INFO - TEST: SKIP D10
2024-01-09 11:33:32,797 - student - INFO - TEST: End
