2024-01-09 16:09:19,833 - student - INFO - Log initialization
2024-01-09 16:09:19,833 - student - INFO - START: 2052031 - lohithdemo
2024-01-09 16:09:19,928 - student - ERROR - (3, 'rmdir C:\\evaluate\\build\\20240109160918\\2052031\\lohithdemo\\java-core /S /Q')
2024-01-09 16:09:19,928 - student - INFO - CLONE: https://github.com/lohithdemo/java-core
2024-01-09 16:09:20,963 - student - INFO - CLONE: Successful
2024-01-09 16:09:20,967 - student - INFO - BUILD: Start
2024-01-09 16:09:26,909 - student - INFO - BUILD: Successful
2024-01-09 16:09:26,917 - student - INFO - TEST: Start
2024-01-09 16:09:27,602 - student - INFO - TEST: START D01
2024-01-09 16:09:27,604 - student - INFO - TEST: START D01 tc_01
2024-01-09 16:09:27,767 - student - INFO - TEST: END D01 tc_01
2024-01-09 16:09:27,769 - student - INFO - TEST: START D01 tc_02
2024-01-09 16:09:27,782 - student - INFO - TEST: END D01 tc_02
2024-01-09 16:09:27,784 - student - INFO - TEST: START D01 tc_03
2024-01-09 16:09:27,792 - student - INFO - TEST: END D01 tc_03
2024-01-09 16:09:27,798 - student - INFO - TEST: END D01
2024-01-09 16:09:27,800 - student - INFO - TEST: START D02
2024-01-09 16:09:27,807 - student - INFO - TEST: START D02 tc_01
2024-01-09 16:09:27,821 - student - INFO - TEST: END D02 tc_01
2024-01-09 16:09:27,827 - student - ERROR - TEST: Failed
2024-01-09 16:09:27,827 - student - ERROR - TEST: ('D02P01.runT002() takes 2 positional arguments but 3 were given',)
