2024-01-09 12:13:18,022 - student - INFO - Log initialization
2024-01-09 12:13:18,022 - student - INFO - START: 2052031 - lohithdemo
2024-01-09 12:13:18,131 - student - ERROR - (3, 'rmdir C:\\evaluate\\build\\20240109121316\\2052031\\lohithdemo\\java-core /S /Q')
2024-01-09 12:13:18,132 - student - INFO - CLONE: https://github.com/lohithdemo/java-core
2024-01-09 12:13:19,154 - student - INFO - CLONE: Successful
2024-01-09 12:13:19,156 - student - INFO - BUILD: Start
2024-01-09 12:13:24,159 - student - INFO - BUILD: Successful
2024-01-09 12:13:24,160 - student - INFO - TEST: Start
2024-01-09 12:13:24,761 - student - INFO - TEST: START D01
2024-01-09 12:13:24,764 - student - INFO - TEST: START D01 tc_01
2024-01-09 12:13:24,918 - student - INFO - TEST: END D01 tc_01
2024-01-09 12:13:24,920 - student - INFO - TEST: START D01 tc_02
2024-01-09 12:13:24,930 - student - INFO - TEST: END D01 tc_02
2024-01-09 12:13:24,938 - student - INFO - TEST: END D01
2024-01-09 12:13:24,945 - student - INFO - TEST: START D02
2024-01-09 12:13:24,948 - student - INFO - TEST: START D02 tc_01
2024-01-09 12:13:24,961 - student - INFO - TEST: END D02 tc_01
2024-01-09 12:13:24,966 - student - INFO - TEST: END D02 tc_02
2024-01-09 12:13:24,977 - student - INFO - TEST: END D02
2024-01-09 12:13:24,979 - student - INFO - TEST: SKIP D03
2024-01-09 12:13:24,981 - student - INFO - TEST: SKIP D04
2024-01-09 12:13:24,982 - student - INFO - TEST: SKIP D05
2024-01-09 12:13:24,984 - student - INFO - TEST: SKIP D06
2024-01-09 12:13:24,985 - student - INFO - TEST: SKIP D07
2024-01-09 12:13:24,991 - student - INFO - TEST: SKIP D08
2024-01-09 12:13:24,992 - student - INFO - TEST: SKIP D09
2024-01-09 12:13:24,993 - student - INFO - TEST: SKIP D10
2024-01-09 12:13:24,994 - student - INFO - TEST: End
