2024-01-11 18:38:10,912 - student_scan - INFO - Log initialization
2024-01-11 18:38:46,396 - student_scan - INFO - SCAN: sqale_debt_ratio -> 2.8
2024-01-11 18:38:46,397 - student_scan - INFO - SCAN: complexity -> 44
2024-01-11 18:38:46,398 - student_scan - INFO - SCAN: new_technical_debt -> 0
2024-01-11 18:38:46,399 - student_scan - INFO - SCAN: major_violations -> 13
2024-01-11 18:38:46,400 - student_scan - INFO - SCAN: duplicated_blocks -> 0
2024-01-11 18:38:46,403 - student_scan - INFO - SCAN: blocker_violations -> 0
2024-01-11 18:38:46,404 - student_scan - INFO - SCAN: new_code_smells -> 0
2024-01-11 18:38:46,405 - student_scan - INFO - SCAN: sqale_rating -> 1.0
2024-01-11 18:38:46,410 - student_scan - INFO - SCAN: alert_status -> OK
2024-01-11 18:38:46,411 - student_scan - INFO - SCAN: code_smells -> 27
2024-01-11 18:38:46,411 - student_scan - INFO - SCAN: violations -> 27
2024-01-11 18:38:46,412 - student_scan - INFO - SCAN: duplicated_files -> 0
2024-01-11 18:38:46,413 - student_scan - INFO - SCAN: new_violations -> 0
2024-01-11 18:38:46,413 - student_scan - INFO - SCAN: reopened_issues -> 0
2024-01-11 18:38:46,414 - student_scan - INFO - SCAN: cognitive_complexity -> 22
2024-01-11 18:38:46,416 - student_scan - INFO - SCAN: confirmed_issues -> 0
2024-01-11 18:38:46,417 - student_scan - INFO - SCAN: quality_gate_details -> {"level":"OK","conditions":[{"metric":"new_violations","op":"GT","period":1,"error":"0","actual":"0","level":"OK"}],"ignoredConditions":false}
2024-01-11 18:38:46,417 - student_scan - INFO - SCAN: info_violations -> 0
2024-01-11 18:38:46,418 - student_scan - INFO - SCAN: new_critical_violations -> 0
2024-01-11 18:38:46,419 - student_scan - INFO - SCAN: new_info_violations -> 0
2024-01-11 18:38:46,419 - student_scan - INFO - SCAN: new_sqale_debt_ratio -> 0.0
2024-01-11 18:38:46,420 - student_scan - INFO - SCAN: sqale_index -> 197
2024-01-11 18:38:46,421 - student_scan - INFO - SCAN: critical_violations -> 6
2024-01-11 18:38:46,421 - student_scan - INFO - SCAN: new_major_violations -> 0
2024-01-11 18:38:46,427 - student_scan - INFO - SCAN: minor_violations -> 8
2024-01-11 18:38:46,428 - student_scan - INFO - SCAN: new_blocker_violations -> 0
2024-01-11 18:38:46,429 - student_scan - INFO - SCAN: open_issues -> 27
2024-01-11 18:38:46,430 - student_scan - INFO - SCAN: new_minor_violations -> 0
