2024-01-11 18:32:01,365 - student_scan - INFO - Log initialization
2024-01-11 18:32:36,898 - student_scan - INFO - SCAN: new_critical_violations -> 0
2024-01-11 18:32:36,901 - student_scan - INFO - SCAN: open_issues -> 27
2024-01-11 18:32:36,902 - student_scan - INFO - SCAN: violations -> 27
2024-01-11 18:32:36,903 - student_scan - INFO - SCAN: duplicated_files -> 0
2024-01-11 18:32:36,903 - student_scan - INFO - SCAN: critical_violations -> 6
2024-01-11 18:32:36,904 - student_scan - INFO - SCAN: new_blocker_violations -> 0
2024-01-11 18:32:36,905 - student_scan - INFO - SCAN: code_smells -> 27
2024-01-11 18:32:36,906 - student_scan - INFO - SCAN: sqale_index -> 197
2024-01-11 18:32:36,907 - student_scan - INFO - SCAN: sqale_rating -> 1.0
2024-01-11 18:32:36,907 - student_scan - INFO - SCAN: new_major_violations -> 0
2024-01-11 18:32:36,908 - student_scan - INFO - SCAN: minor_violations -> 8
2024-01-11 18:32:36,909 - student_scan - INFO - SCAN: new_code_smells -> 0
2024-01-11 18:32:36,909 - student_scan - INFO - SCAN: new_violations -> 0
2024-01-11 18:32:36,909 - student_scan - INFO - SCAN: new_minor_violations -> 0
2024-01-11 18:32:36,910 - student_scan - INFO - SCAN: blocker_violations -> 0
2024-01-11 18:32:36,912 - student_scan - INFO - SCAN: major_violations -> 13
2024-01-11 18:32:36,913 - student_scan - INFO - SCAN: complexity -> 44
2024-01-11 18:32:36,913 - student_scan - INFO - SCAN: cognitive_complexity -> 22
2024-01-11 18:32:36,918 - student_scan - INFO - SCAN: info_violations -> 0
2024-01-11 18:32:36,919 - student_scan - INFO - SCAN: duplicated_blocks -> 0
2024-01-11 18:32:36,920 - student_scan - INFO - SCAN: new_info_violations -> 0
2024-01-11 18:32:36,921 - student_scan - INFO - SCAN: reopened_issues -> 0
2024-01-11 18:32:36,922 - student_scan - INFO - SCAN: confirmed_issues -> 0
