2024-01-16 11:55:14,425 - student_scan - INFO - Log initialization
2024-01-16 11:55:23,597 - student_scan - INFO - SCAN: ==== GENERAL ====
2024-01-16 11:55:23,733 - student_scan - INFO - SCAN: duplicated_blocks -> 0
2024-01-16 11:55:23,734 - student_scan - INFO - SCAN: duplicated_files -> 0
2024-01-16 11:55:23,735 - student_scan - INFO - SCAN: complexity -> 48
2024-01-16 11:55:23,736 - student_scan - INFO - SCAN: cognitive_complexity -> 24
2024-01-16 11:55:23,737 - student_scan - INFO - SCAN: ==== ISSUES ====
2024-01-16 11:55:23,868 - student_scan - INFO - SCAN: minor_violations -> 9
2024-01-16 11:55:23,872 - student_scan - INFO - SCAN: new_violations -> 5
2024-01-16 11:55:23,873 - student_scan - INFO - SCAN: info_violations -> 3
2024-01-16 11:55:23,874 - student_scan - INFO - SCAN: new_major_violations -> 0
2024-01-16 11:55:23,875 - student_scan - INFO - SCAN: new_minor_violations -> 1
2024-01-16 11:55:23,875 - student_scan - INFO - SCAN: new_info_violations -> 3
2024-01-16 11:55:23,876 - student_scan - INFO - SCAN: violations -> 32
2024-01-16 11:55:23,877 - student_scan - INFO - SCAN: open_issues -> 32
2024-01-16 11:55:23,878 - student_scan - INFO - SCAN: major_violations -> 13
2024-01-16 11:55:23,879 - student_scan - INFO - SCAN: new_critical_violations -> 1
2024-01-16 11:55:23,881 - student_scan - INFO - SCAN: reopened_issues -> 0
2024-01-16 11:55:23,882 - student_scan - INFO - SCAN: new_blocker_violations -> 0
2024-01-16 11:55:23,883 - student_scan - INFO - SCAN: blocker_violations -> 0
2024-01-16 11:55:23,883 - student_scan - INFO - SCAN: critical_violations -> 7
2024-01-16 11:55:23,888 - student_scan - INFO - SCAN: confirmed_issues -> 0
2024-01-16 11:55:23,889 - student_scan - INFO - SCAN: ==== MAINTAINABILITY ====
2024-01-16 11:55:24,043 - student_scan - INFO - SCAN: sqale_debt_ratio -> 2.6
2024-01-16 11:55:24,052 - student_scan - INFO - SCAN: sqale_rating -> 1.0
2024-01-16 11:55:24,053 - student_scan - INFO - SCAN: sqale_index -> 210
2024-01-16 11:55:24,063 - student_scan - INFO - SCAN: new_technical_debt -> 13
2024-01-16 11:55:24,081 - student_scan - INFO - SCAN: code_smells -> 32
2024-01-16 11:55:24,096 - student_scan - INFO - SCAN: new_sqale_debt_ratio -> 0.59829
2024-01-16 11:55:24,097 - student_scan - INFO - SCAN: new_code_smells -> 5
2024-01-16 11:55:24,097 - student_scan - INFO - SCAN: ==== QAULITY GATES ====
2024-01-16 11:55:24,245 - student_scan - INFO - SCAN: alert_status -> ERROR
2024-01-16 11:55:24,254 - student_scan - INFO - SCAN: quality_gate_details -> {"level":"ERROR","conditions":[{"metric":"new_coverage","op":"LT","period":1,"error":"80","actual":"0.0","level":"ERROR"},{"metric":"new_duplicated_lines_density","op":"GT","period":1,"error":"3","actual":"0.0","level":"OK"},{"metric":"new_violations","op":"GT","period":1,"error":"0","actual":"5","level":"ERROR"}],"ignoredConditions":false}
2024-01-16 11:55:24,254 - student_scan - INFO - SCAN: ==== RELIABILITY ====
2024-01-16 11:55:24,404 - student_scan - INFO - SCAN: reliability_remediation_effort -> 0
2024-01-16 11:55:24,405 - student_scan - INFO - SCAN: reliability_rating -> 1.0
2024-01-16 11:55:24,406 - student_scan - INFO - SCAN: new_bugs -> 0
2024-01-16 11:55:24,408 - student_scan - INFO - SCAN: new_reliability_remediation_effort -> 0
2024-01-16 11:55:24,409 - student_scan - INFO - SCAN: bugs -> 0
2024-01-16 11:55:24,409 - student_scan - INFO - SCAN: ==== SECURITY ====
2024-01-16 11:55:24,546 - student_scan - INFO - SCAN: new_security_review_rating -> 1.0
2024-01-16 11:55:24,549 - student_scan - INFO - SCAN: new_vulnerabilities -> 0
2024-01-16 11:55:24,555 - student_scan - INFO - SCAN: new_security_hotspots -> 0
2024-01-16 11:55:24,556 - student_scan - INFO - SCAN: security_remediation_effort -> 0
2024-01-16 11:55:24,556 - student_scan - INFO - SCAN: security_hotspots -> 0
2024-01-16 11:55:24,562 - student_scan - INFO - SCAN: vulnerabilities -> 0
2024-01-16 11:55:24,563 - student_scan - INFO - SCAN: security_rating -> 1.0
2024-01-16 11:55:24,563 - student_scan - INFO - SCAN: security_review_rating -> 1.0
2024-01-16 11:55:24,564 - student_scan - INFO - SCAN: ==== SIZE ====
2024-01-16 11:55:24,695 - student_scan - INFO - SCAN: classes -> 12
2024-01-16 11:55:24,696 - student_scan - INFO - SCAN: statements -> 81
2024-01-16 11:55:24,697 - student_scan - INFO - SCAN: comment_lines -> 30
2024-01-16 11:55:24,698 - student_scan - INFO - SCAN: ncloc -> 270
2024-01-16 11:55:24,698 - student_scan - INFO - SCAN: functions -> 31
2024-01-16 11:55:24,702 - student_scan - INFO - SCAN: lines -> 444
2024-01-16 11:55:24,703 - student_scan - INFO - SCAN: comment_lines_density -> 10.0
2024-01-16 11:55:24,704 - student_scan - INFO - SCAN: ncloc_language_distribution -> java=208;xml=62
2024-01-16 11:55:24,705 - student_scan - INFO - SCAN: ==== TESTS ====
2024-01-16 11:55:24,836 - student_scan - INFO - SCAN: new_uncovered_lines -> 8
2024-01-16 11:55:24,838 - student_scan - INFO - SCAN: test_failures -> 0
2024-01-16 11:55:24,839 - student_scan - INFO - SCAN: tests -> 2
2024-01-16 11:55:24,845 - student_scan - INFO - SCAN: line_coverage -> 0.0
2024-01-16 11:55:24,846 - student_scan - INFO - SCAN: new_uncovered_conditions -> 0
2024-01-16 11:55:24,848 - student_scan - INFO - SCAN: lines_to_cover -> 111
2024-01-16 11:55:24,849 - student_scan - INFO - SCAN: test_execution_time -> 3
2024-01-16 11:55:24,850 - student_scan - INFO - SCAN: test_success_density -> 100.0
2024-01-16 11:55:24,851 - student_scan - INFO - SCAN: test_errors -> 0
2024-01-16 11:55:24,851 - student_scan - INFO - SCAN: new_lines_to_cover -> 8
2024-01-16 11:55:24,852 - student_scan - INFO - SCAN: new_line_coverage -> 0.0
2024-01-16 11:55:24,853 - student_scan - INFO - SCAN: uncovered_lines -> 111
2024-01-16 11:55:24,855 - student_scan - INFO - SCAN: new_coverage -> 0.0
2024-01-16 11:55:24,859 - student_scan - INFO - SCAN: skipped_tests -> 0
2024-01-16 11:55:24,861 - student_scan - INFO - SCAN: coverage -> 0.0
