2024-01-09 16:55:59,097 - student - INFO - Log initialization
2024-01-09 16:55:59,098 - student - INFO - START: 2052031 - lohithdemo
2024-01-09 16:55:59,223 - student - ERROR - (3, 'rmdir C:\\evaluate\\build\\20240109165557\\2052031\\lohithdemo\\java-core /S /Q')
2024-01-09 16:55:59,224 - student - INFO - CLONE: https://github.com/lohithdemo/java-core
2024-01-09 16:56:00,329 - student - INFO - CLONE: Successful
2024-01-09 16:56:00,332 - student - INFO - BUILD: Start
2024-01-09 16:56:05,788 - student - INFO - BUILD: Successful
2024-01-09 16:56:05,788 - student - INFO - TEST: Start
2024-01-09 16:56:06,360 - student - INFO - TEST: START D01
2024-01-09 16:56:06,451 - student - INFO - TEST: FAIL D01 tc_03 ("Problem.test_type_1() got an unexpected keyword argument 'result'",)
2024-01-09 16:56:06,461 - student - INFO - TEST: END D01
2024-01-09 16:56:06,463 - student - INFO - TEST: SKIP D02
2024-01-09 16:56:06,464 - student - INFO - TEST: SKIP D03
2024-01-09 16:56:06,465 - student - INFO - TEST: SKIP D04
2024-01-09 16:56:06,466 - student - INFO - TEST: SKIP D05
2024-01-09 16:56:06,467 - student - INFO - TEST: SKIP D06
2024-01-09 16:56:06,468 - student - INFO - TEST: SKIP D07
2024-01-09 16:56:06,469 - student - INFO - TEST: SKIP D08
2024-01-09 16:56:06,470 - student - INFO - TEST: SKIP D09
2024-01-09 16:56:06,478 - student - INFO - TEST: SKIP D10
2024-01-09 16:56:06,479 - student - INFO - TEST: End
