2024-01-09 17:16:57,420 - student - INFO - Log initialization
2024-01-09 17:16:57,420 - student - INFO - START: 2052031 - lohithdemo
2024-01-09 17:16:57,517 - student - ERROR - (3, 'rmdir C:\\evaluate\\build\\20240109171656\\2052031\\lohithdemo\\java-core /S /Q')
2024-01-09 17:16:57,518 - student - INFO - CLONE: https://github.com/lohithdemo/java-core
2024-01-09 17:16:58,620 - student - INFO - CLONE: Successful
2024-01-09 17:16:58,621 - student - INFO - BUILD: Start
2024-01-09 17:17:04,077 - student - INFO - BUILD: Successful
2024-01-09 17:17:04,078 - student - INFO - TEST: Start
2024-01-09 17:17:04,729 - student - INFO - TEST: START D01
2024-01-09 17:17:04,738 - student - INFO - TEST: START D01 tc_01
2024-01-09 17:17:04,873 - student - INFO - TEST: END D01 tc_01
2024-01-09 17:17:04,881 - student - INFO - TEST: START D01 tc_02
2024-01-09 17:17:04,973 - student - INFO - TEST: END D01 tc_02
2024-01-09 17:17:05,003 - student - INFO - TEST: END D01
2024-01-09 17:17:05,005 - student - INFO - TEST: START D02
2024-01-09 17:17:05,026 - student - INFO - TEST: START D02 tc_01
2024-01-09 17:17:05,029 - student - INFO - TEST: END D02 tc_01
2024-01-09 17:17:05,030 - student - INFO - TEST: START D02 tc_02
2024-01-09 17:17:05,032 - student - INFO - TEST: END D02 tc_02
2024-01-09 17:17:05,033 - student - INFO - TEST: START D02 tc_03
2024-01-09 17:17:05,037 - student - INFO - TEST: END D02 tc_03
2024-01-09 17:17:05,048 - student - INFO - TEST: END D02
2024-01-09 17:17:05,049 - student - INFO - TEST: SKIP D03
2024-01-09 17:17:05,050 - student - INFO - TEST: SKIP D04
2024-01-09 17:17:05,053 - student - INFO - TEST: SKIP D05
2024-01-09 17:17:05,059 - student - INFO - TEST: SKIP D06
2024-01-09 17:17:05,061 - student - INFO - TEST: SKIP D07
2024-01-09 17:17:05,062 - student - INFO - TEST: SKIP D08
2024-01-09 17:17:05,063 - student - INFO - TEST: SKIP D09
2024-01-09 17:17:05,065 - student - INFO - TEST: SKIP D10
2024-01-09 17:17:05,065 - student - INFO - TEST: End
