2024-01-16 11:48:32,546 - student_scan - INFO - Log initialization
2024-01-16 11:49:12,902 - student_scan - INFO - SCAN: ==== GENERAL ====
2024-01-16 11:49:13,055 - student_scan - INFO - SCAN: duplicated_files -> 0
2024-01-16 11:49:13,056 - student_scan - INFO - SCAN: duplicated_blocks -> 0
2024-01-16 11:49:13,057 - student_scan - INFO - SCAN: cognitive_complexity -> 24
2024-01-16 11:49:13,058 - student_scan - INFO - SCAN: complexity -> 48
2024-01-16 11:49:13,058 - student_scan - INFO - SCAN: ==== ISSUES ====
2024-01-16 11:49:13,226 - student_scan - INFO - SCAN: blocker_violations -> 0
2024-01-16 11:49:13,227 - student_scan - INFO - SCAN: critical_violations -> 7
2024-01-16 11:49:13,228 - student_scan - INFO - SCAN: new_violations -> 5
2024-01-16 11:49:13,229 - student_scan - INFO - SCAN: reopened_issues -> 0
2024-01-16 11:49:13,230 - student_scan - INFO - SCAN: confirmed_issues -> 0
2024-01-16 11:49:13,231 - student_scan - INFO - SCAN: new_critical_violations -> 1
2024-01-16 11:49:13,233 - student_scan - INFO - SCAN: new_major_violations -> 0
2024-01-16 11:49:13,234 - student_scan - INFO - SCAN: new_blocker_violations -> 0
2024-01-16 11:49:13,236 - student_scan - INFO - SCAN: new_info_violations -> 3
2024-01-16 11:49:13,237 - student_scan - INFO - SCAN: open_issues -> 32
2024-01-16 11:49:13,245 - student_scan - INFO - SCAN: minor_violations -> 9
2024-01-16 11:49:13,246 - student_scan - INFO - SCAN: major_violations -> 13
2024-01-16 11:49:13,247 - student_scan - INFO - SCAN: info_violations -> 3
2024-01-16 11:49:13,248 - student_scan - INFO - SCAN: violations -> 32
2024-01-16 11:49:13,249 - student_scan - INFO - SCAN: new_minor_violations -> 1
2024-01-16 11:49:13,250 - student_scan - INFO - SCAN: ==== MAINTAINABILITY ====
2024-01-16 11:49:13,402 - student_scan - INFO - SCAN: sqale_index -> 210
2024-01-16 11:49:13,403 - student_scan - INFO - SCAN: code_smells -> 32
2024-01-16 11:49:13,404 - student_scan - INFO - SCAN: new_code_smells -> 5
2024-01-16 11:49:13,405 - student_scan - INFO - SCAN: new_sqale_debt_ratio -> 0.59829
2024-01-16 11:49:13,406 - student_scan - INFO - SCAN: sqale_debt_ratio -> 2.6
2024-01-16 11:49:13,406 - student_scan - INFO - SCAN: new_technical_debt -> 13
2024-01-16 11:49:13,407 - student_scan - INFO - SCAN: sqale_rating -> 1.0
2024-01-16 11:49:13,408 - student_scan - INFO - SCAN: ==== QAULITY GATES ====
2024-01-16 11:49:13,557 - student_scan - INFO - SCAN: quality_gate_details -> {"level":"ERROR","conditions":[{"metric":"new_coverage","op":"LT","period":1,"error":"80","actual":"0.0","level":"ERROR"},{"metric":"new_duplicated_lines_density","op":"GT","period":1,"error":"3","actual":"0.0","level":"OK"},{"metric":"new_violations","op":"GT","period":1,"error":"0","actual":"5","level":"ERROR"}],"ignoredConditions":false}
2024-01-16 11:49:13,558 - student_scan - INFO - SCAN: alert_status -> ERROR
2024-01-16 11:49:13,558 - student_scan - INFO - SCAN: ==== RELIABILITY ====
2024-01-16 11:49:13,716 - student_scan - INFO - SCAN: new_bugs -> 0
2024-01-16 11:49:13,717 - student_scan - INFO - SCAN: reliability_remediation_effort -> 0
2024-01-16 11:49:13,719 - student_scan - INFO - SCAN: reliability_rating -> 1.0
2024-01-16 11:49:13,721 - student_scan - INFO - SCAN: bugs -> 0
2024-01-16 11:49:13,722 - student_scan - INFO - SCAN: new_reliability_remediation_effort -> 0
2024-01-16 11:49:13,723 - student_scan - INFO - SCAN: ==== SECURITY ====
2024-01-16 11:49:13,878 - student_scan - INFO - SCAN: vulnerabilities -> 0
2024-01-16 11:49:13,878 - student_scan - INFO - SCAN: new_security_hotspots -> 0
2024-01-16 11:49:13,879 - student_scan - INFO - SCAN: security_review_rating -> 1.0
2024-01-16 11:49:13,879 - student_scan - INFO - SCAN: new_security_review_rating -> 1.0
2024-01-16 11:49:13,880 - student_scan - INFO - SCAN: security_hotspots -> 0
2024-01-16 11:49:13,881 - student_scan - INFO - SCAN: security_rating -> 1.0
2024-01-16 11:49:13,881 - student_scan - INFO - SCAN: new_vulnerabilities -> 0
2024-01-16 11:49:13,886 - student_scan - INFO - SCAN: security_remediation_effort -> 0
2024-01-16 11:49:13,887 - student_scan - INFO - SCAN: ==== SIZE ====
2024-01-16 11:49:14,068 - student_scan - INFO - SCAN: lines -> 444
2024-01-16 11:49:14,070 - student_scan - INFO - SCAN: ncloc -> 270
2024-01-16 11:49:14,075 - student_scan - INFO - SCAN: comment_lines -> 30
2024-01-16 11:49:14,077 - student_scan - INFO - SCAN: functions -> 31
2024-01-16 11:49:14,078 - student_scan - INFO - SCAN: statements -> 81
2024-01-16 11:49:14,080 - student_scan - INFO - SCAN: comment_lines_density -> 10.0
2024-01-16 11:49:14,081 - student_scan - INFO - SCAN: ncloc_language_distribution -> java=208;xml=62
2024-01-16 11:49:14,083 - student_scan - INFO - SCAN: classes -> 12
2024-01-16 11:49:14,084 - student_scan - INFO - SCAN: ==== TESTS ====
2024-01-16 11:49:14,236 - student_scan - INFO - SCAN: new_lines_to_cover -> 8
2024-01-16 11:49:14,237 - student_scan - INFO - SCAN: test_errors -> 0
2024-01-16 11:49:14,239 - student_scan - INFO - SCAN: lines_to_cover -> 111
2024-01-16 11:49:14,240 - student_scan - INFO - SCAN: line_coverage -> 0.0
2024-01-16 11:49:14,243 - student_scan - INFO - SCAN: new_uncovered_conditions -> 0
2024-01-16 11:49:14,251 - student_scan - INFO - SCAN: new_uncovered_lines -> 8
2024-01-16 11:49:14,253 - student_scan - INFO - SCAN: new_coverage -> 0.0
2024-01-16 11:49:14,254 - student_scan - INFO - SCAN: uncovered_lines -> 111
2024-01-16 11:49:14,255 - student_scan - INFO - SCAN: new_line_coverage -> 0.0
2024-01-16 11:49:14,256 - student_scan - INFO - SCAN: skipped_tests -> 0
2024-01-16 11:49:14,258 - student_scan - INFO - SCAN: test_failures -> 0
2024-01-16 11:49:14,262 - student_scan - INFO - SCAN: test_success_density -> 100.0
2024-01-16 11:49:14,264 - student_scan - INFO - SCAN: tests -> 2
2024-01-16 11:49:14,266 - student_scan - INFO - SCAN: coverage -> 0.0
2024-01-16 11:49:14,267 - student_scan - INFO - SCAN: test_execution_time -> 3
