2024-01-09 09:35:55,860 - student - INFO - Log initialization
2024-01-09 09:35:55,861 - student - INFO - START: 2052031 - lohithdemo
2024-01-09 09:35:55,981 - student - ERROR - (3, 'rmdir C:\\evaluate\\build\\20240109093554\\2052031\\lohithdemo\\java-core /S /Q')
2024-01-09 09:35:55,982 - student - INFO - CLONE: https://github.com/lohithdemo/java-core
2024-01-09 09:35:56,950 - student - INFO - CLONE: Successful
2024-01-09 09:35:56,951 - student - INFO - BUILD: Start
2024-01-09 09:36:01,695 - student - INFO - BUILD: Successful
2024-01-09 09:36:01,696 - student - INFO - TEST: Start
2024-01-09 09:36:02,273 - student - INFO - TEST: START D01
2024-01-09 09:36:02,274 - student - INFO - TEST: START D01 tc_01
2024-01-09 09:36:02,412 - student - INFO - TEST: END D01 tc_01
2024-01-09 09:36:02,414 - student - INFO - TEST: START D01 tc_02
2024-01-09 09:36:02,421 - student - INFO - TEST: START D01 tc_02 ("Failed to import 'learning.java.core.day1.Rectangle2'",)
2024-01-09 09:36:02,422 - student - INFO - TEST: END D01 tc_02
2024-01-09 09:36:02,434 - student - INFO - TEST: END D01
2024-01-09 09:36:02,435 - student - INFO - TEST: START D02
2024-01-09 09:36:02,460 - student - INFO - TEST: END D02
2024-01-09 09:36:02,464 - student - INFO - TEST: SKIP D03
2024-01-09 09:36:02,465 - student - INFO - TEST: SKIP D04
2024-01-09 09:36:02,466 - student - INFO - TEST: SKIP D05
2024-01-09 09:36:02,467 - student - INFO - TEST: SKIP D06
2024-01-09 09:36:02,468 - student - INFO - TEST: SKIP D07
2024-01-09 09:36:02,468 - student - INFO - TEST: SKIP D08
2024-01-09 09:36:02,469 - student - INFO - TEST: SKIP D09
2024-01-09 09:36:02,472 - student - INFO - TEST: SKIP D10
2024-01-09 09:36:02,472 - student - INFO - TEST: End
