2024-01-17 10:54:12,486 - student_scan - INFO - Log initialization
2024-01-17 10:54:53,459 - student_scan - INFO - SCAN: ==== GENERAL ====
2024-01-17 10:54:53,620 - student_scan - INFO - SCAN: cognitive_complexity -> 26
2024-01-17 10:54:53,621 - student_scan - INFO - SCAN: duplicated_files -> 0
2024-01-17 10:54:53,621 - student_scan - INFO - SCAN: duplicated_blocks -> 0
2024-01-17 10:54:53,622 - student_scan - INFO - SCAN: complexity -> 51
2024-01-17 10:54:53,623 - student_scan - INFO - SCAN: ==== ISSUES ====
2024-01-17 10:54:53,771 - student_scan - INFO - SCAN: major_violations -> 15
2024-01-17 10:54:53,772 - student_scan - INFO - SCAN: minor_violations -> 9
2024-01-17 10:54:53,773 - student_scan - INFO - SCAN: info_violations -> 4
2024-01-17 10:54:53,774 - student_scan - INFO - SCAN: reopened_issues -> 0
2024-01-17 10:54:53,775 - student_scan - INFO - SCAN: confirmed_issues -> 0
2024-01-17 10:54:53,776 - student_scan - INFO - SCAN: open_issues -> 35
2024-01-17 10:54:53,777 - student_scan - INFO - SCAN: violations -> 35
2024-01-17 10:54:53,778 - student_scan - INFO - SCAN: new_major_violations -> 2
2024-01-17 10:54:53,779 - student_scan - INFO - SCAN: new_blocker_violations -> 0
2024-01-17 10:54:53,779 - student_scan - INFO - SCAN: new_info_violations -> 4
2024-01-17 10:54:53,780 - student_scan - INFO - SCAN: new_critical_violations -> 1
2024-01-17 10:54:53,781 - student_scan - INFO - SCAN: new_violations -> 8
2024-01-17 10:54:53,782 - student_scan - INFO - SCAN: critical_violations -> 7
2024-01-17 10:54:53,783 - student_scan - INFO - SCAN: blocker_violations -> 0
2024-01-17 10:54:53,784 - student_scan - INFO - SCAN: new_minor_violations -> 1
2024-01-17 10:54:53,784 - student_scan - INFO - SCAN: ==== MAINTAINABILITY ====
2024-01-17 10:54:53,923 - student_scan - INFO - SCAN: sqale_index -> 216
2024-01-17 10:54:53,924 - student_scan - INFO - SCAN: sqale_rating -> 1.0
2024-01-17 10:54:53,925 - student_scan - INFO - SCAN: new_code_smells -> 8
2024-01-17 10:54:53,926 - student_scan - INFO - SCAN: new_sqale_debt_ratio -> 0.47619
2024-01-17 10:54:53,926 - student_scan - INFO - SCAN: code_smells -> 35
2024-01-17 10:54:53,927 - student_scan - INFO - SCAN: new_technical_debt -> 19
2024-01-17 10:54:53,928 - student_scan - INFO - SCAN: sqale_debt_ratio -> 2.6
2024-01-17 10:54:53,929 - student_scan - INFO - SCAN: ==== QUALITY GATES ====
2024-01-17 10:54:54,054 - student_scan - INFO - SCAN: quality_gate_details -> {"level":"ERROR","conditions":[{"metric":"new_coverage","op":"LT","period":1,"error":"80","actual":"0.0","level":"ERROR"},{"metric":"new_duplicated_lines_density","op":"GT","period":1,"error":"3","actual":"0.0","level":"OK"},{"metric":"new_violations","op":"GT","period":1,"error":"0","actual":"8","level":"ERROR"}],"ignoredConditions":false}
2024-01-17 10:54:54,055 - student_scan - INFO - SCAN: alert_status -> ERROR
2024-01-17 10:54:54,056 - student_scan - INFO - SCAN: ==== RELIABILITY ====
2024-01-17 10:54:54,186 - student_scan - INFO - SCAN: bugs -> 0
2024-01-17 10:54:54,189 - student_scan - INFO - SCAN: reliability_remediation_effort -> 0
2024-01-17 10:54:54,191 - student_scan - INFO - SCAN: new_reliability_remediation_effort -> 0
2024-01-17 10:54:54,192 - student_scan - INFO - SCAN: new_bugs -> 0
2024-01-17 10:54:54,193 - student_scan - INFO - SCAN: reliability_rating -> 1.0
2024-01-17 10:54:54,193 - student_scan - INFO - SCAN: ==== SECURITY ====
2024-01-17 10:54:54,326 - student_scan - INFO - SCAN: security_hotspots -> 0
2024-01-17 10:54:54,327 - student_scan - INFO - SCAN: new_security_hotspots -> 0
2024-01-17 10:54:54,328 - student_scan - INFO - SCAN: security_remediation_effort -> 0
2024-01-17 10:54:54,328 - student_scan - INFO - SCAN: vulnerabilities -> 0
2024-01-17 10:54:54,330 - student_scan - INFO - SCAN: security_rating -> 1.0
2024-01-17 10:54:54,331 - student_scan - INFO - SCAN: new_vulnerabilities -> 0
2024-01-17 10:54:54,332 - student_scan - INFO - SCAN: security_review_rating -> 1.0
2024-01-17 10:54:54,333 - student_scan - INFO - SCAN: new_security_review_rating -> 1.0
2024-01-17 10:54:54,333 - student_scan - INFO - SCAN: ==== SIZE ====
2024-01-17 10:54:54,469 - student_scan - INFO - SCAN: ncloc_language_distribution -> java=218;xml=62
2024-01-17 10:54:54,472 - student_scan - INFO - SCAN: classes -> 12
2024-01-17 10:54:54,473 - student_scan - INFO - SCAN: functions -> 32
2024-01-17 10:54:54,474 - student_scan - INFO - SCAN: ncloc -> 280
2024-01-17 10:54:54,475 - student_scan - INFO - SCAN: comment_lines_density -> 9.7
2024-01-17 10:54:54,475 - student_scan - INFO - SCAN: lines -> 458
2024-01-17 10:54:54,476 - student_scan - INFO - SCAN: comment_lines -> 30
2024-01-17 10:54:54,476 - student_scan - INFO - SCAN: statements -> 87
2024-01-17 10:54:54,477 - student_scan - INFO - SCAN: ==== TESTS ====
2024-01-17 10:54:54,611 - student_scan - INFO - SCAN: test_success_density -> 100.0
2024-01-17 10:54:54,612 - student_scan - INFO - SCAN: lines_to_cover -> 118
2024-01-17 10:54:54,613 - student_scan - INFO - SCAN: test_failures -> 0
2024-01-17 10:54:54,614 - student_scan - INFO - SCAN: new_coverage -> 0.0
2024-01-17 10:54:54,616 - student_scan - INFO - SCAN: test_errors -> 0
2024-01-17 10:54:54,617 - student_scan - INFO - SCAN: skipped_tests -> 0
2024-01-17 10:54:54,619 - student_scan - INFO - SCAN: new_line_coverage -> 0.0
2024-01-17 10:54:54,620 - student_scan - INFO - SCAN: coverage -> 0.0
2024-01-17 10:54:54,621 - student_scan - INFO - SCAN: new_lines_to_cover -> 15
2024-01-17 10:54:54,622 - student_scan - INFO - SCAN: uncovered_lines -> 118
2024-01-17 10:54:54,623 - student_scan - INFO - SCAN: new_uncovered_lines -> 15
2024-01-17 10:54:54,624 - student_scan - INFO - SCAN: line_coverage -> 0.0
2024-01-17 10:54:54,625 - student_scan - INFO - SCAN: new_uncovered_conditions -> 0
2024-01-17 10:54:54,625 - student_scan - INFO - SCAN: tests -> 3
2024-01-17 10:54:54,633 - student_scan - INFO - SCAN: test_execution_time -> 3
