2024-01-17 10:54:12,484 - student - INFO - Log initialization
2024-01-17 10:54:12,484 - student - INFO - START: 2052031 - lohithdemo
2024-01-17 10:54:12,584 - student - ERROR - (3, 'rmdir C:\\evaluate\\build\\20240117105411\\2052031\\lohithdemo\\java-core /S /Q')
2024-01-17 10:54:12,585 - student - INFO - CLONE: https://github.com/lohithdemo/java-core
2024-01-17 10:54:13,657 - student - INFO - CLONE: Successful
2024-01-17 10:54:13,660 - student - INFO - BUILD: Start
2024-01-17 10:54:53,175 - student - INFO - SCAN: Successful
2024-01-17 10:54:54,634 - student - INFO - BUILD: Start
2024-01-17 10:55:02,209 - student - INFO - BUILD: Successful
2024-01-17 10:55:02,211 - student - INFO - TEST: Start
2024-01-17 10:55:02,814 - student - INFO - TEST: START D01
2024-01-17 10:55:02,818 - student - INFO - TEST: START D01 tc_01
2024-01-17 10:55:02,941 - student - INFO - TEST: END D01 tc_01
2024-01-17 10:55:02,944 - student - INFO - TEST: START D01 tc_02
2024-01-17 10:55:03,020 - student - INFO - TEST: END D01 tc_02
2024-01-17 10:55:03,027 - student - INFO - TEST: END D01
2024-01-17 10:55:03,028 - student - INFO - TEST: START D02
2024-01-17 10:55:03,041 - student - INFO - TEST: START D02 tc_01
2024-01-17 10:55:03,046 - student - INFO - TEST: END D02 tc_01
2024-01-17 10:55:03,047 - student - INFO - TEST: START D02 tc_02
2024-01-17 10:55:03,054 - student - INFO - TEST: END D02 tc_02
2024-01-17 10:55:03,055 - student - INFO - TEST: START D02 tc_03
2024-01-17 10:55:03,060 - student - INFO - TEST: END D02 tc_03
2024-01-17 10:55:03,071 - student - INFO - TEST: END D02
2024-01-17 10:55:03,072 - student - INFO - TEST: SKIP D03
2024-01-17 10:55:03,074 - student - INFO - TEST: SKIP D04
2024-01-17 10:55:03,075 - student - INFO - TEST: SKIP D05
2024-01-17 10:55:03,076 - student - INFO - TEST: SKIP D06
2024-01-17 10:55:03,077 - student - INFO - TEST: SKIP D07
2024-01-17 10:55:03,078 - student - INFO - TEST: SKIP D08
2024-01-17 10:55:03,080 - student - INFO - TEST: SKIP D09
2024-01-17 10:55:03,081 - student - INFO - TEST: SKIP D10
2024-01-17 10:55:03,081 - student - INFO - TEST: End
