2024-01-22 11:10:54,823 - student_scan - INFO - Log initialization
2024-01-22 11:11:40,644 - student_scan - INFO - SCAN: ==== GENERAL ====
2024-01-22 11:11:40,799 - student_scan - INFO - SCAN: complexity -> 55
2024-01-22 11:11:40,801 - student_scan - INFO - SCAN: duplicated_files -> 0
2024-01-22 11:11:40,802 - student_scan - INFO - SCAN: duplicated_blocks -> 0
2024-01-22 11:11:40,803 - student_scan - INFO - SCAN: cognitive_complexity -> 28
2024-01-22 11:11:40,803 - student_scan - INFO - SCAN: ==== ISSUES ====
2024-01-22 11:11:40,924 - student_scan - INFO - SCAN: new_major_violations -> 9
2024-01-22 11:11:40,928 - student_scan - INFO - SCAN: violations -> 46
2024-01-22 11:11:40,930 - student_scan - INFO - SCAN: open_issues -> 46
2024-01-22 11:11:40,931 - student_scan - INFO - SCAN: major_violations -> 22
2024-01-22 11:11:40,940 - student_scan - INFO - SCAN: new_blocker_violations -> 1
2024-01-22 11:11:40,942 - student_scan - INFO - SCAN: new_minor_violations -> 3
2024-01-22 11:11:40,944 - student_scan - INFO - SCAN: confirmed_issues -> 0
2024-01-22 11:11:40,946 - student_scan - INFO - SCAN: blocker_violations -> 1
2024-01-22 11:11:40,948 - student_scan - INFO - SCAN: info_violations -> 4
2024-01-22 11:11:40,953 - student_scan - INFO - SCAN: new_violations -> 19
2024-01-22 11:11:40,955 - student_scan - INFO - SCAN: reopened_issues -> 0
2024-01-22 11:11:40,957 - student_scan - INFO - SCAN: minor_violations -> 11
2024-01-22 11:11:40,958 - student_scan - INFO - SCAN: critical_violations -> 8
2024-01-22 11:11:40,962 - student_scan - INFO - SCAN: new_info_violations -> 4
2024-01-22 11:11:40,965 - student_scan - INFO - SCAN: new_critical_violations -> 2
2024-01-22 11:11:40,969 - student_scan - INFO - SCAN: ==== MAINTAINABILITY ====
2024-01-22 11:11:41,101 - student_scan - INFO - SCAN: new_code_smells -> 18
2024-01-22 11:11:41,103 - student_scan - INFO - SCAN: sqale_debt_ratio -> 3.0
2024-01-22 11:11:41,104 - student_scan - INFO - SCAN: new_sqale_debt_ratio -> 2.16216
2024-01-22 11:11:41,105 - student_scan - INFO - SCAN: sqale_rating -> 1.0
2024-01-22 11:11:41,107 - student_scan - INFO - SCAN: new_technical_debt -> 108
2024-01-22 11:11:41,108 - student_scan - INFO - SCAN: sqale_index -> 305
2024-01-22 11:11:41,112 - student_scan - INFO - SCAN: code_smells -> 45
2024-01-22 11:11:41,113 - student_scan - INFO - SCAN: ==== QUALITY GATES ====
2024-01-22 11:11:41,225 - student_scan - INFO - SCAN: alert_status -> ERROR
2024-01-22 11:11:41,227 - student_scan - INFO - SCAN: quality_gate_details -> {"level":"ERROR","conditions":[{"metric":"new_coverage","op":"LT","period":1,"error":"80","actual":"0.0","level":"ERROR"},{"metric":"new_duplicated_lines_density","op":"GT","period":1,"error":"3","actual":"0.0","level":"OK"},{"metric":"new_security_hotspots_reviewed","op":"LT","period":1,"error":"100","actual":"0.0","level":"ERROR"},{"metric":"new_violations","op":"GT","period":1,"error":"0","actual":"19","level":"ERROR"}],"ignoredConditions":false}
2024-01-22 11:11:41,227 - student_scan - INFO - SCAN: ==== RELIABILITY ====
2024-01-22 11:11:41,351 - student_scan - INFO - SCAN: new_bugs -> 1
2024-01-22 11:11:41,353 - student_scan - INFO - SCAN: bugs -> 1
2024-01-22 11:11:41,354 - student_scan - INFO - SCAN: reliability_remediation_effort -> 5
2024-01-22 11:11:41,357 - student_scan - INFO - SCAN: reliability_rating -> 5.0
2024-01-22 11:11:41,358 - student_scan - INFO - SCAN: new_reliability_remediation_effort -> 5
2024-01-22 11:11:41,362 - student_scan - INFO - SCAN: ==== SECURITY ====
2024-01-22 11:11:41,477 - student_scan - INFO - SCAN: vulnerabilities -> 0
2024-01-22 11:11:41,479 - student_scan - INFO - SCAN: new_vulnerabilities -> 0
2024-01-22 11:11:41,482 - student_scan - INFO - SCAN: security_rating -> 1.0
2024-01-22 11:11:41,483 - student_scan - INFO - SCAN: security_hotspots_reviewed -> 0.0
2024-01-22 11:11:41,484 - student_scan - INFO - SCAN: security_review_rating -> 5.0
2024-01-22 11:11:41,485 - student_scan - INFO - SCAN: security_remediation_effort -> 0
2024-01-22 11:11:41,486 - student_scan - INFO - SCAN: new_security_hotspots -> 1
2024-01-22 11:11:41,486 - student_scan - INFO - SCAN: new_security_hotspots_reviewed -> 0.0
2024-01-22 11:11:41,487 - student_scan - INFO - SCAN: security_hotspots -> 1
2024-01-22 11:11:41,488 - student_scan - INFO - SCAN: new_security_review_rating -> 5.0
2024-01-22 11:11:41,488 - student_scan - INFO - SCAN: ==== SIZE ====
2024-01-22 11:11:41,624 - student_scan - INFO - SCAN: ncloc -> 337
2024-01-22 11:11:41,629 - student_scan - INFO - SCAN: ncloc_language_distribution -> java=246;xml=91
2024-01-22 11:11:41,630 - student_scan - INFO - SCAN: comment_lines -> 32
2024-01-22 11:11:41,632 - student_scan - INFO - SCAN: classes -> 13
2024-01-22 11:11:41,634 - student_scan - INFO - SCAN: functions -> 35
2024-01-22 11:11:41,639 - student_scan - INFO - SCAN: statements -> 97
2024-01-22 11:11:41,641 - student_scan - INFO - SCAN: comment_lines_density -> 8.7
2024-01-22 11:11:41,642 - student_scan - INFO - SCAN: lines -> 531
2024-01-22 11:11:41,645 - student_scan - INFO - SCAN: ==== TESTS ====
2024-01-22 11:11:41,772 - student_scan - INFO - SCAN: new_coverage -> 0.0
2024-01-22 11:11:41,774 - student_scan - INFO - SCAN: new_uncovered_conditions -> 0
2024-01-22 11:11:41,775 - student_scan - INFO - SCAN: lines_to_cover -> 137
2024-01-22 11:11:41,779 - student_scan - INFO - SCAN: skipped_tests -> 0
2024-01-22 11:11:41,780 - student_scan - INFO - SCAN: coverage -> 0.0
2024-01-22 11:11:41,782 - student_scan - INFO - SCAN: new_uncovered_lines -> 34
2024-01-22 11:11:41,783 - student_scan - INFO - SCAN: new_lines_to_cover -> 34
2024-01-22 11:11:41,786 - student_scan - INFO - SCAN: test_success_density -> 100.0
2024-01-22 11:11:41,786 - student_scan - INFO - SCAN: test_failures -> 0
2024-01-22 11:11:41,787 - student_scan - INFO - SCAN: test_errors -> 0
2024-01-22 11:11:41,788 - student_scan - INFO - SCAN: line_coverage -> 0.0
2024-01-22 11:11:41,797 - student_scan - INFO - SCAN: test_execution_time -> 2
2024-01-22 11:11:41,798 - student_scan - INFO - SCAN: uncovered_lines -> 137
2024-01-22 11:11:41,800 - student_scan - INFO - SCAN: new_line_coverage -> 0.0
2024-01-22 11:11:41,802 - student_scan - INFO - SCAN: tests -> 3
