2024-01-09 16:58:45,067 - student - INFO - Log initialization
2024-01-09 16:58:45,068 - student - INFO - START: 2052031 - lohithdemo
2024-01-09 16:58:45,194 - student - ERROR - (3, 'rmdir C:\\evaluate\\build\\20240109165843\\2052031\\lohithdemo\\java-core /S /Q')
2024-01-09 16:58:45,195 - student - INFO - CLONE: https://github.com/lohithdemo/java-core
2024-01-09 16:58:46,313 - student - INFO - CLONE: Successful
2024-01-09 16:58:46,315 - student - INFO - BUILD: Start
2024-01-09 16:58:53,418 - student - INFO - BUILD: Successful
2024-01-09 16:58:53,419 - student - INFO - TEST: Start
2024-01-09 16:58:54,146 - student - INFO - TEST: START D01
2024-01-09 16:58:54,276 - student - INFO - TEST: START D01 tc_03
2024-01-09 16:58:54,372 - student - INFO - TEST: FAIL D01 tc_03 ("name 'ref' is not defined",)
2024-01-09 16:58:54,388 - student - INFO - TEST: END D01
2024-01-09 16:58:54,390 - student - INFO - TEST: SKIP D02
2024-01-09 16:58:54,393 - student - INFO - TEST: SKIP D03
2024-01-09 16:58:54,395 - student - INFO - TEST: SKIP D04
2024-01-09 16:58:54,397 - student - INFO - TEST: SKIP D05
2024-01-09 16:58:54,405 - student - INFO - TEST: SKIP D06
2024-01-09 16:58:54,407 - student - INFO - TEST: SKIP D07
2024-01-09 16:58:54,411 - student - INFO - TEST: SKIP D08
2024-01-09 16:58:54,416 - student - INFO - TEST: SKIP D09
2024-01-09 16:58:54,418 - student - INFO - TEST: SKIP D10
2024-01-09 16:58:54,418 - student - INFO - TEST: End
