2024-01-08 17:35:06,203 - student - INFO - Log initialization
2024-01-08 17:35:06,203 - student - INFO - START: 2052031 - lohithdemo
2024-01-08 17:35:06,314 - student - ERROR - (3, 'rmdir C:\\evaluate\\build\\20240108173504\\2052031\\lohithdemo\\java-core /S /Q')
2024-01-08 17:35:06,316 - student - INFO - CLONE: https://github.com/lohithdemo/java-core
2024-01-08 17:35:07,446 - student - INFO - CLONE: Successful
2024-01-08 17:35:07,447 - student - INFO - BUILD: Start
2024-01-08 17:35:12,714 - student - INFO - BUILD: Successful
2024-01-08 17:35:12,716 - student - INFO - TEST: Start
2024-01-08 17:35:13,300 - student - INFO - TEST: START D01
2024-01-08 17:35:13,465 - student - INFO - TEST: END D01
2024-01-08 17:35:13,466 - student - INFO - TEST: START D02
2024-01-08 17:35:13,496 - student - INFO - TEST: END D02
2024-01-08 17:35:13,497 - student - INFO - TEST: SKIP D03
2024-01-08 17:35:13,498 - student - INFO - TEST: SKIP D04
2024-01-08 17:35:13,504 - student - INFO - TEST: SKIP D05
2024-01-08 17:35:13,505 - student - INFO - TEST: SKIP D06
2024-01-08 17:35:13,506 - student - INFO - TEST: SKIP D07
2024-01-08 17:35:13,509 - student - INFO - TEST: SKIP D08
2024-01-08 17:35:13,512 - student - INFO - TEST: SKIP D09
2024-01-08 17:35:13,513 - student - INFO - TEST: SKIP D10
2024-01-08 17:35:13,513 - student - INFO - TEST: End
