2024-01-09 17:36:49,541 - student - INFO - Log initialization
2024-01-09 17:36:49,542 - student - INFO - START: 2052031 - lohithdemo
2024-01-09 17:36:49,665 - student - ERROR - (3, 'rmdir C:\\evaluate\\build\\20240109173647\\2052031\\lohithdemo\\java-core /S /Q')
2024-01-09 17:36:49,666 - student - INFO - CLONE: https://github.com/lohithdemo/java-core
2024-01-09 17:36:50,791 - student - INFO - CLONE: Successful
2024-01-09 17:36:50,797 - student - INFO - BUILD: Start
2024-01-09 17:36:56,963 - student - INFO - BUILD: Successful
2024-01-09 17:36:56,965 - student - INFO - TEST: Start
2024-01-09 17:36:57,620 - student - INFO - TEST: START D01
2024-01-09 17:36:57,624 - student - INFO - TEST: START D01 tc_01
2024-01-09 17:36:57,757 - student - INFO - TEST: END D01 tc_01
2024-01-09 17:36:57,763 - student - INFO - TEST: START D01 tc_02
2024-01-09 17:36:57,848 - student - INFO - TEST: END D01 tc_02
2024-01-09 17:36:57,864 - student - INFO - TEST: END D01
2024-01-09 17:36:57,865 - student - INFO - TEST: START D02
2024-01-09 17:36:57,880 - student - INFO - TEST: START D02 tc_01
2024-01-09 17:36:57,888 - student - INFO - TEST: END D02 tc_01
2024-01-09 17:36:57,890 - student - INFO - TEST: START D02 tc_02
2024-01-09 17:36:57,897 - student - INFO - TEST: END D02 tc_02
2024-01-09 17:36:57,901 - student - INFO - TEST: START D02 tc_03
2024-01-09 17:36:57,909 - student - INFO - TEST: END D02 tc_03
2024-01-09 17:36:57,921 - student - INFO - TEST: END D02
2024-01-09 17:36:57,924 - student - INFO - TEST: SKIP D03
2024-01-09 17:36:57,926 - student - INFO - TEST: SKIP D04
2024-01-09 17:36:57,932 - student - INFO - TEST: SKIP D05
2024-01-09 17:36:57,934 - student - INFO - TEST: SKIP D06
2024-01-09 17:36:57,935 - student - INFO - TEST: SKIP D07
2024-01-09 17:36:57,937 - student - INFO - TEST: SKIP D08
2024-01-09 17:36:57,938 - student - INFO - TEST: SKIP D09
2024-01-09 17:36:57,940 - student - INFO - TEST: SKIP D10
2024-01-09 17:36:57,941 - student - INFO - TEST: End
