2024-01-11 17:26:42,486 - student - INFO - Log initialization
2024-01-11 17:26:42,486 - student - INFO - START: 2052031 - lohithdemo
2024-01-11 17:26:42,615 - student - ERROR - (3, 'rmdir C:\\evaluate\\build\\20240111172641\\2052031\\lohithdemo\\java-core /S /Q')
2024-01-11 17:26:42,617 - student - INFO - CLONE: https://github.com/lohithdemo/java-core
2024-01-11 17:26:43,800 - student - INFO - CLONE: Successful
2024-01-11 17:26:43,809 - student - INFO - BUILD: Start
2024-01-11 17:26:49,045 - student - INFO - BUILD: Successful
2024-01-11 17:26:49,046 - student - INFO - BUILD: Start
2024-01-11 17:27:17,809 - student - INFO - SCAN: Successful
2024-01-11 17:27:18,244 - student - INFO - TEST: Start
2024-01-11 17:27:18,827 - student - INFO - TEST: START D01
2024-01-11 17:27:18,830 - student - INFO - TEST: START D01 tc_01
2024-01-11 17:27:18,921 - student - INFO - TEST: END D01 tc_01
2024-01-11 17:27:18,925 - student - INFO - TEST: START D01 tc_02
2024-01-11 17:27:18,993 - student - INFO - TEST: END D01 tc_02
2024-01-11 17:27:19,005 - student - INFO - TEST: END D01
2024-01-11 17:27:19,007 - student - INFO - TEST: START D02
2024-01-11 17:27:19,022 - student - INFO - TEST: START D02 tc_01
2024-01-11 17:27:19,033 - student - INFO - TEST: END D02 tc_01
2024-01-11 17:27:19,034 - student - INFO - TEST: START D02 tc_02
2024-01-11 17:27:19,040 - student - INFO - TEST: END D02 tc_02
2024-01-11 17:27:19,041 - student - INFO - TEST: START D02 tc_03
2024-01-11 17:27:19,049 - student - INFO - TEST: END D02 tc_03
2024-01-11 17:27:19,056 - student - INFO - TEST: END D02
2024-01-11 17:27:19,057 - student - INFO - TEST: SKIP D03
2024-01-11 17:27:19,064 - student - INFO - TEST: SKIP D04
2024-01-11 17:27:19,066 - student - INFO - TEST: SKIP D05
2024-01-11 17:27:19,067 - student - INFO - TEST: SKIP D06
2024-01-11 17:27:19,069 - student - INFO - TEST: SKIP D07
2024-01-11 17:27:19,070 - student - INFO - TEST: SKIP D08
2024-01-11 17:27:19,071 - student - INFO - TEST: SKIP D09
2024-01-11 17:27:19,073 - student - INFO - TEST: SKIP D10
2024-01-11 17:27:19,074 - student - INFO - TEST: End
