2024-01-09 17:17:31,888 - student - INFO - Log initialization
2024-01-09 17:17:31,889 - student - INFO - START: 2052031 - lohithdemo
2024-01-09 17:17:31,999 - student - ERROR - (3, 'rmdir C:\\evaluate\\build\\20240109171730\\2052031\\lohithdemo\\java-core /S /Q')
2024-01-09 17:17:32,000 - student - INFO - CLONE: https://github.com/lohithdemo/java-core
2024-01-09 17:17:33,127 - student - INFO - CLONE: Successful
2024-01-09 17:17:33,131 - student - INFO - BUILD: Start
2024-01-09 17:17:39,193 - student - INFO - BUILD: Successful
2024-01-09 17:17:39,195 - student - INFO - TEST: Start
2024-01-09 17:17:39,855 - student - INFO - TEST: START D01
2024-01-09 17:17:39,858 - student - INFO - TEST: START D01 tc_01
2024-01-09 17:17:39,967 - student - INFO - TEST: END D01 tc_01
2024-01-09 17:17:39,972 - student - INFO - TEST: START D01 tc_02
2024-01-09 17:17:40,058 - student - INFO - TEST: END D01 tc_02
2024-01-09 17:17:40,069 - student - INFO - TEST: END D01
2024-01-09 17:17:40,070 - student - INFO - TEST: START D02
2024-01-09 17:17:40,088 - student - INFO - TEST: START D02 tc_01
2024-01-09 17:17:40,095 - student - INFO - TEST: END D02 tc_01
2024-01-09 17:17:40,096 - student - INFO - TEST: START D02 tc_02
2024-01-09 17:17:40,100 - student - INFO - TEST: END D02 tc_02
2024-01-09 17:17:40,100 - student - INFO - TEST: START D02 tc_03
2024-01-09 17:17:40,104 - student - INFO - TEST: END D02 tc_03
2024-01-09 17:17:40,117 - student - INFO - TEST: END D02
2024-01-09 17:17:40,119 - student - INFO - TEST: SKIP D03
2024-01-09 17:17:40,120 - student - INFO - TEST: SKIP D04
2024-01-09 17:17:40,127 - student - INFO - TEST: SKIP D05
2024-01-09 17:17:40,128 - student - INFO - TEST: SKIP D06
2024-01-09 17:17:40,129 - student - INFO - TEST: SKIP D07
2024-01-09 17:17:40,130 - student - INFO - TEST: SKIP D08
2024-01-09 17:17:40,133 - student - INFO - TEST: SKIP D09
2024-01-09 17:17:40,134 - student - INFO - TEST: SKIP D10
2024-01-09 17:17:40,135 - student - INFO - TEST: End
