2024-01-11 17:37:09,388 - student - INFO - Log initialization
2024-01-11 17:37:09,389 - student - INFO - START: 2052031 - lohithdemo
2024-01-11 17:37:09,501 - student - ERROR - (3, 'rmdir C:\\evaluate\\build\\20240111173707\\2052031\\lohithdemo\\java-core /S /Q')
2024-01-11 17:37:09,507 - student - INFO - CLONE: https://github.com/lohithdemo/java-core
2024-01-11 17:37:10,734 - student - INFO - CLONE: Successful
2024-01-11 17:37:10,738 - student - INFO - BUILD: Start
2024-01-11 17:37:16,736 - student - INFO - BUILD: Successful
2024-01-11 17:37:16,738 - student - INFO - BUILD: Start
2024-01-11 17:37:47,454 - student - INFO - SCAN: Successful
2024-01-11 17:37:47,886 - student - INFO - TEST: Start
2024-01-11 17:37:48,635 - student - INFO - TEST: START D01
2024-01-11 17:37:48,640 - student - INFO - TEST: START D01 tc_01
2024-01-11 17:37:48,776 - student - INFO - TEST: END D01 tc_01
2024-01-11 17:37:48,781 - student - INFO - TEST: START D01 tc_02
2024-01-11 17:37:48,902 - student - INFO - TEST: END D01 tc_02
2024-01-11 17:37:48,932 - student - INFO - TEST: END D01
2024-01-11 17:37:48,935 - student - INFO - TEST: START D02
2024-01-11 17:37:48,956 - student - INFO - TEST: START D02 tc_01
2024-01-11 17:37:48,966 - student - INFO - TEST: END D02 tc_01
2024-01-11 17:37:48,967 - student - INFO - TEST: START D02 tc_02
2024-01-11 17:37:48,977 - student - INFO - TEST: END D02 tc_02
2024-01-11 17:37:48,978 - student - INFO - TEST: START D02 tc_03
2024-01-11 17:37:48,985 - student - INFO - TEST: END D02 tc_03
2024-01-11 17:37:49,000 - student - INFO - TEST: END D02
2024-01-11 17:37:49,002 - student - INFO - TEST: SKIP D03
2024-01-11 17:37:49,004 - student - INFO - TEST: SKIP D04
2024-01-11 17:37:49,011 - student - INFO - TEST: SKIP D05
2024-01-11 17:37:49,015 - student - INFO - TEST: SKIP D06
2024-01-11 17:37:49,017 - student - INFO - TEST: SKIP D07
2024-01-11 17:37:49,018 - student - INFO - TEST: SKIP D08
2024-01-11 17:37:49,020 - student - INFO - TEST: SKIP D09
2024-01-11 17:37:49,029 - student - INFO - TEST: SKIP D10
2024-01-11 17:37:49,029 - student - INFO - TEST: End
