2024-01-09 09:37:55,423 - student - INFO - Log initialization
2024-01-09 09:37:55,423 - student - INFO - START: 2052031 - lohithdemo
2024-01-09 09:37:55,503 - student - ERROR - (3, 'rmdir C:\\evaluate\\build\\20240109093754\\2052031\\lohithdemo\\java-core /S /Q')
2024-01-09 09:37:55,503 - student - INFO - CLONE: https://github.com/lohithdemo/java-core
2024-01-09 09:37:56,477 - student - INFO - CLONE: Successful
2024-01-09 09:37:56,480 - student - INFO - BUILD: Start
2024-01-09 09:38:01,321 - student - INFO - BUILD: Successful
2024-01-09 09:38:01,323 - student - INFO - TEST: Start
2024-01-09 09:38:01,816 - student - INFO - TEST: START D01
2024-01-09 09:38:01,818 - student - INFO - TEST: START D01 tc_01
2024-01-09 09:38:01,947 - student - INFO - TEST: END D01 tc_01
2024-01-09 09:38:01,950 - student - INFO - TEST: START D01 tc_02
2024-01-09 09:38:01,956 - student - INFO - TEST: START D01 tc_02 ("Failed to import 'learning.java.core.day1.Rectangle2'",)
2024-01-09 09:38:01,957 - student - INFO - TEST: END D01 tc_02
2024-01-09 09:38:01,965 - student - INFO - TEST: END D01
2024-01-09 09:38:01,966 - student - INFO - TEST: START D02
2024-01-09 09:38:01,991 - student - INFO - TEST: END D02
2024-01-09 09:38:01,991 - student - INFO - TEST: SKIP D03
2024-01-09 09:38:01,997 - student - INFO - TEST: SKIP D04
2024-01-09 09:38:01,999 - student - INFO - TEST: SKIP D05
2024-01-09 09:38:02,000 - student - INFO - TEST: SKIP D06
2024-01-09 09:38:02,001 - student - INFO - TEST: SKIP D07
2024-01-09 09:38:02,001 - student - INFO - TEST: SKIP D08
2024-01-09 09:38:02,002 - student - INFO - TEST: SKIP D09
2024-01-09 09:38:02,003 - student - INFO - TEST: SKIP D10
2024-01-09 09:38:02,003 - student - INFO - TEST: End
