2024-01-16 12:18:09,550 - student_scan - INFO - Log initialization
2024-01-16 12:18:43,230 - student_scan - INFO - SCAN: ==== GENERAL ====
2024-01-16 12:18:43,391 - student_scan - INFO - SCAN: duplicated_files -> 0
2024-01-16 12:18:43,393 - student_scan - INFO - SCAN: cognitive_complexity -> 24
2024-01-16 12:18:43,394 - student_scan - INFO - SCAN: complexity -> 48
2024-01-16 12:18:43,395 - student_scan - INFO - SCAN: duplicated_blocks -> 0
2024-01-16 12:18:43,396 - student_scan - INFO - SCAN: ==== ISSUES ====
2024-01-16 12:18:43,555 - student_scan - INFO - SCAN: violations -> 32
2024-01-16 12:18:43,557 - student_scan - INFO - SCAN: new_critical_violations -> 1
2024-01-16 12:18:43,558 - student_scan - INFO - SCAN: blocker_violations -> 0
2024-01-16 12:18:43,562 - student_scan - INFO - SCAN: info_violations -> 3
2024-01-16 12:18:43,566 - student_scan - INFO - SCAN: critical_violations -> 7
2024-01-16 12:18:43,567 - student_scan - INFO - SCAN: new_major_violations -> 0
2024-01-16 12:18:43,568 - student_scan - INFO - SCAN: minor_violations -> 9
2024-01-16 12:18:43,568 - student_scan - INFO - SCAN: reopened_issues -> 0
2024-01-16 12:18:43,569 - student_scan - INFO - SCAN: open_issues -> 32
2024-01-16 12:18:43,570 - student_scan - INFO - SCAN: confirmed_issues -> 0
2024-01-16 12:18:43,570 - student_scan - INFO - SCAN: new_minor_violations -> 1
2024-01-16 12:18:43,571 - student_scan - INFO - SCAN: new_blocker_violations -> 0
2024-01-16 12:18:43,571 - student_scan - INFO - SCAN: new_info_violations -> 3
2024-01-16 12:18:43,572 - student_scan - INFO - SCAN: major_violations -> 13
2024-01-16 12:18:43,572 - student_scan - INFO - SCAN: new_violations -> 5
2024-01-16 12:18:43,573 - student_scan - INFO - SCAN: ==== MAINTAINABILITY ====
2024-01-16 12:18:43,737 - student_scan - INFO - SCAN: code_smells -> 32
2024-01-16 12:18:43,738 - student_scan - INFO - SCAN: sqale_debt_ratio -> 2.6
2024-01-16 12:18:43,739 - student_scan - INFO - SCAN: sqale_index -> 210
2024-01-16 12:18:43,741 - student_scan - INFO - SCAN: new_technical_debt -> 13
2024-01-16 12:18:43,742 - student_scan - INFO - SCAN: new_code_smells -> 5
2024-01-16 12:18:43,743 - student_scan - INFO - SCAN: new_sqale_debt_ratio -> 0.59829
2024-01-16 12:18:43,745 - student_scan - INFO - SCAN: sqale_rating -> 1.0
2024-01-16 12:18:43,745 - student_scan - INFO - SCAN: ==== QUALITY GATES ====
2024-01-16 12:18:43,932 - student_scan - INFO - SCAN: quality_gate_details -> {"level":"ERROR","conditions":[{"metric":"new_coverage","op":"LT","period":1,"error":"80","actual":"0.0","level":"ERROR"},{"metric":"new_duplicated_lines_density","op":"GT","period":1,"error":"3","actual":"0.0","level":"OK"},{"metric":"new_violations","op":"GT","period":1,"error":"0","actual":"5","level":"ERROR"}],"ignoredConditions":false}
2024-01-16 12:18:43,934 - student_scan - INFO - SCAN: alert_status -> ERROR
2024-01-16 12:18:43,934 - student_scan - INFO - SCAN: ==== RELIABILITY ====
2024-01-16 12:18:44,085 - student_scan - INFO - SCAN: bugs -> 0
2024-01-16 12:18:44,086 - student_scan - INFO - SCAN: reliability_remediation_effort -> 0
2024-01-16 12:18:44,087 - student_scan - INFO - SCAN: new_reliability_remediation_effort -> 0
2024-01-16 12:18:44,089 - student_scan - INFO - SCAN: new_bugs -> 0
2024-01-16 12:18:44,090 - student_scan - INFO - SCAN: reliability_rating -> 1.0
2024-01-16 12:18:44,090 - student_scan - INFO - SCAN: ==== SECURITY ====
2024-01-16 12:18:44,252 - student_scan - INFO - SCAN: security_review_rating -> 1.0
2024-01-16 12:18:44,253 - student_scan - INFO - SCAN: security_hotspots -> 0
2024-01-16 12:18:44,255 - student_scan - INFO - SCAN: security_rating -> 1.0
2024-01-16 12:18:44,256 - student_scan - INFO - SCAN: new_security_review_rating -> 1.0
2024-01-16 12:18:44,258 - student_scan - INFO - SCAN: new_vulnerabilities -> 0
2024-01-16 12:18:44,259 - student_scan - INFO - SCAN: security_remediation_effort -> 0
2024-01-16 12:18:44,260 - student_scan - INFO - SCAN: vulnerabilities -> 0
2024-01-16 12:18:44,261 - student_scan - INFO - SCAN: new_security_hotspots -> 0
2024-01-16 12:18:44,262 - student_scan - INFO - SCAN: ==== SIZE ====
2024-01-16 12:18:44,400 - student_scan - INFO - SCAN: ncloc_language_distribution -> java=208;xml=62
2024-01-16 12:18:44,401 - student_scan - INFO - SCAN: ncloc -> 270
2024-01-16 12:18:44,403 - student_scan - INFO - SCAN: statements -> 81
2024-01-16 12:18:44,404 - student_scan - INFO - SCAN: comment_lines -> 30
2024-01-16 12:18:44,406 - student_scan - INFO - SCAN: functions -> 31
2024-01-16 12:18:44,413 - student_scan - INFO - SCAN: classes -> 12
2024-01-16 12:18:44,414 - student_scan - INFO - SCAN: lines -> 444
2024-01-16 12:18:44,415 - student_scan - INFO - SCAN: comment_lines_density -> 10.0
2024-01-16 12:18:44,416 - student_scan - INFO - SCAN: ==== TESTS ====
2024-01-16 12:18:44,555 - student_scan - INFO - SCAN: lines_to_cover -> 111
2024-01-16 12:18:44,556 - student_scan - INFO - SCAN: test_success_density -> 100.0
2024-01-16 12:18:44,557 - student_scan - INFO - SCAN: skipped_tests -> 0
2024-01-16 12:18:44,557 - student_scan - INFO - SCAN: uncovered_lines -> 111
2024-01-16 12:18:44,558 - student_scan - INFO - SCAN: test_execution_time -> 3
2024-01-16 12:18:44,559 - student_scan - INFO - SCAN: test_errors -> 0
2024-01-16 12:18:44,560 - student_scan - INFO - SCAN: line_coverage -> 0.0
2024-01-16 12:18:44,561 - student_scan - INFO - SCAN: test_failures -> 0
2024-01-16 12:18:44,561 - student_scan - INFO - SCAN: new_uncovered_conditions -> 0
2024-01-16 12:18:44,562 - student_scan - INFO - SCAN: new_lines_to_cover -> 8
2024-01-16 12:18:44,562 - student_scan - INFO - SCAN: coverage -> 0.0
2024-01-16 12:18:44,563 - student_scan - INFO - SCAN: new_line_coverage -> 0.0
2024-01-16 12:18:44,563 - student_scan - INFO - SCAN: new_uncovered_lines -> 8
2024-01-16 12:18:44,568 - student_scan - INFO - SCAN: tests -> 2
2024-01-16 12:18:44,569 - student_scan - INFO - SCAN: new_coverage -> 0.0
