2024-01-08 15:24:25,908 - student - INFO - Log initialization
2024-01-08 15:24:25,908 - student - INFO - START: 2052031 - lohithdemo
2024-01-08 15:24:26,014 - student - ERROR - (3, 'rmdir C:\\evaluate\\build\\20240108152424\\2052031\\lohithdemo\\java-core /S /Q')
2024-01-08 15:24:26,015 - student - INFO - CLONE: https://github.com/lohithdemo/java-core
2024-01-08 15:24:27,071 - student - INFO - CLONE: Successful
2024-01-08 15:24:27,074 - student - INFO - BUILD: Start
2024-01-08 15:24:32,861 - student - INFO - BUILD: Successful
2024-01-08 15:24:32,864 - student - INFO - TEST: Start
2024-01-08 15:24:33,522 - student - INFO - TEST: START D01
2024-01-08 15:24:33,704 - student - INFO - TEST: END D01
2024-01-08 15:24:33,705 - student - INFO - TEST: START D02
2024-01-08 15:24:33,737 - student - INFO - TEST: END D02
2024-01-08 15:24:33,741 - student - INFO - TEST: SKIP D03
2024-01-08 15:24:33,743 - student - INFO - TEST: SKIP D04
2024-01-08 15:24:33,744 - student - INFO - TEST: SKIP D05
2024-01-08 15:24:33,748 - student - INFO - TEST: SKIP D06
2024-01-08 15:24:33,750 - student - INFO - TEST: SKIP D07
2024-01-08 15:24:33,752 - student - INFO - TEST: SKIP D08
2024-01-08 15:24:33,754 - student - INFO - TEST: SKIP D09
2024-01-08 15:24:33,758 - student - INFO - TEST: SKIP D10
2024-01-08 15:24:33,758 - student - INFO - TEST: End
