2024-01-11 17:30:15,713 - student - INFO - Log initialization
2024-01-11 17:30:15,713 - student - INFO - START: 2052031 - lohithdemo
2024-01-11 17:30:15,826 - student - ERROR - (3, 'rmdir C:\\evaluate\\build\\20240111173014\\2052031\\lohithdemo\\java-core /S /Q')
2024-01-11 17:30:15,827 - student - INFO - CLONE: https://github.com/lohithdemo/java-core
2024-01-11 17:30:16,978 - student - INFO - CLONE: Successful
2024-01-11 17:30:16,980 - student - INFO - BUILD: Start
2024-01-11 17:30:22,473 - student - INFO - BUILD: Successful
2024-01-11 17:30:22,474 - student - INFO - BUILD: Start
2024-01-11 17:30:50,348 - student - INFO - SCAN: Successful
2024-01-11 17:30:50,738 - student - INFO - SCAN: complexity -> 44
2024-01-11 17:30:50,739 - student - INFO - SCAN: ncloc -> 232
2024-01-11 17:30:50,742 - student - INFO - SCAN: code_smells -> 27
2024-01-11 17:30:50,747 - student - INFO - SCAN: violations -> 27
2024-01-11 17:30:50,748 - student - INFO - TEST: Start
2024-01-11 17:30:51,294 - student - INFO - TEST: START D01
2024-01-11 17:30:51,297 - student - INFO - TEST: START D01 tc_01
2024-01-11 17:30:51,386 - student - INFO - TEST: END D01 tc_01
2024-01-11 17:30:51,392 - student - INFO - TEST: START D01 tc_02
2024-01-11 17:30:51,465 - student - INFO - TEST: END D01 tc_02
2024-01-11 17:30:51,477 - student - INFO - TEST: END D01
2024-01-11 17:30:51,479 - student - INFO - TEST: START D02
2024-01-11 17:30:51,490 - student - INFO - TEST: START D02 tc_01
2024-01-11 17:30:51,496 - student - INFO - TEST: END D02 tc_01
2024-01-11 17:30:51,496 - student - INFO - TEST: START D02 tc_02
2024-01-11 17:30:51,503 - student - INFO - TEST: END D02 tc_02
2024-01-11 17:30:51,503 - student - INFO - TEST: START D02 tc_03
2024-01-11 17:30:51,510 - student - INFO - TEST: END D02 tc_03
2024-01-11 17:30:51,519 - student - INFO - TEST: END D02
2024-01-11 17:30:51,520 - student - INFO - TEST: SKIP D03
2024-01-11 17:30:51,523 - student - INFO - TEST: SKIP D04
2024-01-11 17:30:51,525 - student - INFO - TEST: SKIP D05
2024-01-11 17:30:51,526 - student - INFO - TEST: SKIP D06
2024-01-11 17:30:51,528 - student - INFO - TEST: SKIP D07
2024-01-11 17:30:51,533 - student - INFO - TEST: SKIP D08
2024-01-11 17:30:51,534 - student - INFO - TEST: SKIP D09
2024-01-11 17:30:51,535 - student - INFO - TEST: SKIP D10
2024-01-11 17:30:51,537 - student - INFO - TEST: End
