2024-01-16 18:05:00,828 - student_scan - INFO - Log initialization
2024-01-16 18:05:30,550 - student_scan - INFO - SCAN: ==== GENERAL ====
2024-01-16 18:05:30,731 - student_scan - INFO - SCAN: cognitive_complexity -> 26
2024-01-16 18:05:30,733 - student_scan - INFO - SCAN: complexity -> 51
2024-01-16 18:05:30,734 - student_scan - INFO - SCAN: duplicated_blocks -> 0
2024-01-16 18:05:30,736 - student_scan - INFO - SCAN: duplicated_files -> 0
2024-01-16 18:05:30,736 - student_scan - INFO - SCAN: ==== ISSUES ====
2024-01-16 18:05:30,887 - student_scan - INFO - SCAN: new_major_violations -> 0
2024-01-16 18:05:30,892 - student_scan - INFO - SCAN: new_violations -> 5
2024-01-16 18:05:30,894 - student_scan - INFO - SCAN: violations -> 32
2024-01-16 18:05:30,895 - student_scan - INFO - SCAN: info_violations -> 3
2024-01-16 18:05:30,897 - student_scan - INFO - SCAN: new_blocker_violations -> 0
2024-01-16 18:05:30,898 - student_scan - INFO - SCAN: open_issues -> 32
2024-01-16 18:05:30,904 - student_scan - INFO - SCAN: major_violations -> 13
2024-01-16 18:05:30,905 - student_scan - INFO - SCAN: minor_violations -> 9
2024-01-16 18:05:30,906 - student_scan - INFO - SCAN: new_info_violations -> 3
2024-01-16 18:05:30,907 - student_scan - INFO - SCAN: new_minor_violations -> 1
2024-01-16 18:05:30,909 - student_scan - INFO - SCAN: critical_violations -> 7
2024-01-16 18:05:30,910 - student_scan - INFO - SCAN: confirmed_issues -> 0
2024-01-16 18:05:30,911 - student_scan - INFO - SCAN: blocker_violations -> 0
2024-01-16 18:05:30,912 - student_scan - INFO - SCAN: new_critical_violations -> 1
2024-01-16 18:05:30,913 - student_scan - INFO - SCAN: reopened_issues -> 0
2024-01-16 18:05:30,914 - student_scan - INFO - SCAN: ==== MAINTAINABILITY ====
2024-01-16 18:05:31,054 - student_scan - INFO - SCAN: sqale_debt_ratio -> 2.5
2024-01-16 18:05:31,055 - student_scan - INFO - SCAN: sqale_index -> 210
2024-01-16 18:05:31,057 - student_scan - INFO - SCAN: code_smells -> 32
2024-01-16 18:05:31,059 - student_scan - INFO - SCAN: new_code_smells -> 5
2024-01-16 18:05:31,063 - student_scan - INFO - SCAN: new_technical_debt -> 13
2024-01-16 18:05:31,064 - student_scan - INFO - SCAN: sqale_rating -> 1.0
2024-01-16 18:05:31,066 - student_scan - INFO - SCAN: new_sqale_debt_ratio -> 0.47619
2024-01-16 18:05:31,067 - student_scan - INFO - SCAN: ==== QUALITY GATES ====
2024-01-16 18:05:31,199 - student_scan - INFO - SCAN: alert_status -> ERROR
2024-01-16 18:05:31,201 - student_scan - INFO - SCAN: quality_gate_details -> {"level":"ERROR","conditions":[{"metric":"new_coverage","op":"LT","period":1,"error":"80","actual":"0.0","level":"ERROR"},{"metric":"new_duplicated_lines_density","op":"GT","period":1,"error":"3","actual":"0.0","level":"OK"},{"metric":"new_violations","op":"GT","period":1,"error":"0","actual":"5","level":"ERROR"}],"ignoredConditions":false}
2024-01-16 18:05:31,203 - student_scan - INFO - SCAN: ==== RELIABILITY ====
2024-01-16 18:05:31,350 - student_scan - INFO - SCAN: new_bugs -> 0
2024-01-16 18:05:31,352 - student_scan - INFO - SCAN: reliability_rating -> 1.0
2024-01-16 18:05:31,354 - student_scan - INFO - SCAN: new_reliability_remediation_effort -> 0
2024-01-16 18:05:31,356 - student_scan - INFO - SCAN: bugs -> 0
2024-01-16 18:05:31,357 - student_scan - INFO - SCAN: reliability_remediation_effort -> 0
2024-01-16 18:05:31,358 - student_scan - INFO - SCAN: ==== SECURITY ====
2024-01-16 18:05:31,500 - student_scan - INFO - SCAN: new_vulnerabilities -> 0
2024-01-16 18:05:31,504 - student_scan - INFO - SCAN: security_review_rating -> 1.0
2024-01-16 18:05:31,509 - student_scan - INFO - SCAN: security_remediation_effort -> 0
2024-01-16 18:05:31,510 - student_scan - INFO - SCAN: vulnerabilities -> 0
2024-01-16 18:05:31,511 - student_scan - INFO - SCAN: new_security_review_rating -> 1.0
2024-01-16 18:05:31,512 - student_scan - INFO - SCAN: security_hotspots -> 0
2024-01-16 18:05:31,512 - student_scan - INFO - SCAN: security_rating -> 1.0
2024-01-16 18:05:31,513 - student_scan - INFO - SCAN: new_security_hotspots -> 0
2024-01-16 18:05:31,514 - student_scan - INFO - SCAN: ==== SIZE ====
2024-01-16 18:05:31,659 - student_scan - INFO - SCAN: comment_lines_density -> 9.7
2024-01-16 18:05:31,662 - student_scan - INFO - SCAN: statements -> 87
2024-01-16 18:05:31,665 - student_scan - INFO - SCAN: ncloc -> 280
2024-01-16 18:05:31,667 - student_scan - INFO - SCAN: functions -> 32
2024-01-16 18:05:31,668 - student_scan - INFO - SCAN: comment_lines -> 30
2024-01-16 18:05:31,670 - student_scan - INFO - SCAN: classes -> 12
2024-01-16 18:05:31,671 - student_scan - INFO - SCAN: ncloc_language_distribution -> java=218;xml=62
2024-01-16 18:05:31,677 - student_scan - INFO - SCAN: lines -> 458
2024-01-16 18:05:31,678 - student_scan - INFO - SCAN: ==== TESTS ====
2024-01-16 18:05:31,812 - student_scan - INFO - SCAN: new_lines_to_cover -> 15
2024-01-16 18:05:31,814 - student_scan - INFO - SCAN: test_failures -> 0
2024-01-16 18:05:31,816 - student_scan - INFO - SCAN: new_uncovered_lines -> 15
2024-01-16 18:05:31,818 - student_scan - INFO - SCAN: test_execution_time -> 1
2024-01-16 18:05:31,820 - student_scan - INFO - SCAN: test_errors -> 0
2024-01-16 18:05:31,821 - student_scan - INFO - SCAN: line_coverage -> 0.0
2024-01-16 18:05:31,823 - student_scan - INFO - SCAN: tests -> 2
2024-01-16 18:05:31,825 - student_scan - INFO - SCAN: new_line_coverage -> 0.0
2024-01-16 18:05:31,827 - student_scan - INFO - SCAN: test_success_density -> 100.0
2024-01-16 18:05:31,829 - student_scan - INFO - SCAN: coverage -> 0.0
2024-01-16 18:05:31,836 - student_scan - INFO - SCAN: lines_to_cover -> 118
2024-01-16 18:05:31,838 - student_scan - INFO - SCAN: new_coverage -> 0.0
2024-01-16 18:05:31,840 - student_scan - INFO - SCAN: skipped_tests -> 0
2024-01-16 18:05:31,842 - student_scan - INFO - SCAN: uncovered_lines -> 118
2024-01-16 18:05:31,844 - student_scan - INFO - SCAN: new_uncovered_conditions -> 0
