2024-01-16 18:05:00,827 - student - INFO - Log initialization
2024-01-16 18:05:00,827 - student - INFO - START: 2052031 - lohithdemo
2024-01-16 18:05:00,913 - student - ERROR - (3, 'rmdir C:\\evaluate\\build\\20240116180459\\2052031\\lohithdemo\\java-core /S /Q')
2024-01-16 18:05:00,913 - student - INFO - CLONE: https://github.com/lohithdemo/java-core
2024-01-16 18:05:01,960 - student - INFO - CLONE: Successful
2024-01-16 18:05:01,962 - student - INFO - BUILD: Start
2024-01-16 18:05:30,359 - student - INFO - SCAN: Successful
2024-01-16 18:05:31,844 - student - INFO - BUILD: Start
2024-01-16 18:05:38,337 - student - INFO - BUILD: Successful
2024-01-16 18:05:38,338 - student - INFO - TEST: Start
2024-01-16 18:05:38,904 - student - INFO - TEST: START D01
2024-01-16 18:05:38,906 - student - INFO - TEST: START D01 tc_01
2024-01-16 18:05:38,999 - student - INFO - TEST: END D01 tc_01
2024-01-16 18:05:39,002 - student - INFO - TEST: START D01 tc_02
2024-01-16 18:05:39,065 - student - INFO - TEST: END D01 tc_02
2024-01-16 18:05:39,072 - student - INFO - TEST: END D01
2024-01-16 18:05:39,074 - student - INFO - TEST: START D02
2024-01-16 18:05:39,084 - student - INFO - TEST: START D02 tc_01
2024-01-16 18:05:39,093 - student - INFO - TEST: END D02 tc_01
2024-01-16 18:05:39,094 - student - INFO - TEST: START D02 tc_02
2024-01-16 18:05:39,098 - student - INFO - TEST: END D02 tc_02
2024-01-16 18:05:39,099 - student - INFO - TEST: START D02 tc_03
2024-01-16 18:05:39,107 - student - INFO - TEST: END D02 tc_03
2024-01-16 18:05:39,114 - student - INFO - TEST: END D02
2024-01-16 18:05:39,115 - student - INFO - TEST: SKIP D03
2024-01-16 18:05:39,116 - student - INFO - TEST: SKIP D04
2024-01-16 18:05:39,123 - student - INFO - TEST: SKIP D05
2024-01-16 18:05:39,124 - student - INFO - TEST: SKIP D06
2024-01-16 18:05:39,125 - student - INFO - TEST: SKIP D07
2024-01-16 18:05:39,126 - student - INFO - TEST: SKIP D08
2024-01-16 18:05:39,127 - student - INFO - TEST: SKIP D09
2024-01-16 18:05:39,128 - student - INFO - TEST: SKIP D10
2024-01-16 18:05:39,129 - student - INFO - TEST: End
