2024-01-09 17:20:19,262 - student - INFO - Log initialization
2024-01-09 17:20:19,263 - student - INFO - START: 2052031 - lohithdemo
2024-01-09 17:20:19,399 - student - ERROR - (3, 'rmdir C:\\evaluate\\build\\20240109172017\\2052031\\lohithdemo\\java-core /S /Q')
2024-01-09 17:20:19,403 - student - INFO - CLONE: https://github.com/lohithdemo/java-core
2024-01-09 17:20:20,609 - student - INFO - CLONE: Successful
2024-01-09 17:20:20,612 - student - INFO - BUILD: Start
2024-01-09 17:20:26,574 - student - INFO - BUILD: Successful
2024-01-09 17:20:26,575 - student - INFO - TEST: Start
2024-01-09 17:20:27,236 - student - INFO - TEST: START D01
2024-01-09 17:20:27,239 - student - INFO - TEST: START D01 tc_01
2024-01-09 17:20:27,365 - student - INFO - TEST: END D01 tc_01
2024-01-09 17:20:27,371 - student - INFO - TEST: START D01 tc_02
2024-01-09 17:20:27,468 - student - INFO - TEST: END D01 tc_02
2024-01-09 17:20:27,486 - student - INFO - TEST: END D01
2024-01-09 17:20:27,488 - student - INFO - TEST: START D02
2024-01-09 17:20:27,508 - student - INFO - TEST: START D02 tc_01
2024-01-09 17:20:27,517 - student - INFO - TEST: END D02 tc_01
2024-01-09 17:20:27,518 - student - INFO - TEST: START D02 tc_02
2024-01-09 17:20:27,526 - student - INFO - TEST: END D02 tc_02
2024-01-09 17:20:27,530 - student - INFO - TEST: START D02 tc_03
2024-01-09 17:20:27,538 - student - INFO - TEST: END D02 tc_03
2024-01-09 17:20:27,550 - student - INFO - TEST: END D02
2024-01-09 17:20:27,552 - student - INFO - TEST: SKIP D03
2024-01-09 17:20:27,553 - student - INFO - TEST: SKIP D04
2024-01-09 17:20:27,562 - student - INFO - TEST: SKIP D05
2024-01-09 17:20:27,563 - student - INFO - TEST: SKIP D06
2024-01-09 17:20:27,565 - student - INFO - TEST: SKIP D07
2024-01-09 17:20:27,567 - student - INFO - TEST: SKIP D08
2024-01-09 17:20:27,569 - student - INFO - TEST: SKIP D09
2024-01-09 17:20:27,573 - student - INFO - TEST: SKIP D10
2024-01-09 17:20:27,574 - student - INFO - TEST: End
