2024-01-16 12:01:37,314 - student_scan - INFO - Log initialization
2024-01-16 12:01:44,377 - student_scan - INFO - SCAN: ==== GENERAL ====
2024-01-16 12:01:44,527 - student_scan - INFO - SCAN: complexity -> 48
2024-01-16 12:01:44,528 - student_scan - INFO - SCAN: cognitive_complexity -> 24
2024-01-16 12:01:44,529 - student_scan - INFO - SCAN: duplicated_blocks -> 0
2024-01-16 12:01:44,530 - student_scan - INFO - SCAN: duplicated_files -> 0
2024-01-16 12:01:44,531 - student_scan - INFO - SCAN: ==== ISSUES ====
2024-01-16 12:01:44,679 - student_scan - INFO - SCAN: critical_violations -> 7
2024-01-16 12:01:44,680 - student_scan - INFO - SCAN: new_violations -> 5
2024-01-16 12:01:44,681 - student_scan - INFO - SCAN: new_info_violations -> 3
2024-01-16 12:01:44,682 - student_scan - INFO - SCAN: blocker_violations -> 0
2024-01-16 12:01:44,682 - student_scan - INFO - SCAN: open_issues -> 32
2024-01-16 12:01:44,683 - student_scan - INFO - SCAN: confirmed_issues -> 0
2024-01-16 12:01:44,684 - student_scan - INFO - SCAN: new_minor_violations -> 1
2024-01-16 12:01:44,685 - student_scan - INFO - SCAN: major_violations -> 13
2024-01-16 12:01:44,686 - student_scan - INFO - SCAN: new_critical_violations -> 1
2024-01-16 12:01:44,686 - student_scan - INFO - SCAN: info_violations -> 3
2024-01-16 12:01:44,688 - student_scan - INFO - SCAN: violations -> 32
2024-01-16 12:01:44,694 - student_scan - INFO - SCAN: new_blocker_violations -> 0
2024-01-16 12:01:44,695 - student_scan - INFO - SCAN: minor_violations -> 9
2024-01-16 12:01:44,696 - student_scan - INFO - SCAN: reopened_issues -> 0
2024-01-16 12:01:44,697 - student_scan - INFO - SCAN: new_major_violations -> 0
2024-01-16 12:01:44,697 - student_scan - INFO - SCAN: ==== MAINTAINABILITY ====
2024-01-16 12:01:44,847 - student_scan - INFO - SCAN: sqale_debt_ratio -> 2.6
2024-01-16 12:01:44,848 - student_scan - INFO - SCAN: code_smells -> 32
2024-01-16 12:01:44,851 - student_scan - INFO - SCAN: new_code_smells -> 5
2024-01-16 12:01:44,853 - student_scan - INFO - SCAN: sqale_rating -> 1.0
2024-01-16 12:01:44,854 - student_scan - INFO - SCAN: sqale_index -> 210
2024-01-16 12:01:44,855 - student_scan - INFO - SCAN: new_technical_debt -> 13
2024-01-16 12:01:44,856 - student_scan - INFO - SCAN: new_sqale_debt_ratio -> 0.59829
2024-01-16 12:01:44,857 - student_scan - INFO - SCAN: ==== QUALITY GATES ====
2024-01-16 12:01:44,983 - student_scan - INFO - SCAN: alert_status -> ERROR
2024-01-16 12:01:44,987 - student_scan - INFO - SCAN: quality_gate_details -> {"level":"ERROR","conditions":[{"metric":"new_coverage","op":"LT","period":1,"error":"80","actual":"0.0","level":"ERROR"},{"metric":"new_duplicated_lines_density","op":"GT","period":1,"error":"3","actual":"0.0","level":"OK"},{"metric":"new_violations","op":"GT","period":1,"error":"0","actual":"5","level":"ERROR"}],"ignoredConditions":false}
2024-01-16 12:01:44,988 - student_scan - INFO - SCAN: ==== RELIABILITY ====
2024-01-16 12:01:45,114 - student_scan - INFO - SCAN: new_bugs -> 0
2024-01-16 12:01:45,116 - student_scan - INFO - SCAN: reliability_rating -> 1.0
2024-01-16 12:01:45,118 - student_scan - INFO - SCAN: bugs -> 0
2024-01-16 12:01:45,123 - student_scan - INFO - SCAN: reliability_remediation_effort -> 0
2024-01-16 12:01:45,125 - student_scan - INFO - SCAN: new_reliability_remediation_effort -> 0
2024-01-16 12:01:45,126 - student_scan - INFO - SCAN: ==== SECURITY ====
2024-01-16 12:01:45,280 - student_scan - INFO - SCAN: security_rating -> 1.0
2024-01-16 12:01:45,282 - student_scan - INFO - SCAN: security_remediation_effort -> 0
2024-01-16 12:01:45,283 - student_scan - INFO - SCAN: new_security_hotspots -> 0
2024-01-16 12:01:45,284 - student_scan - INFO - SCAN: security_hotspots -> 0
2024-01-16 12:01:45,286 - student_scan - INFO - SCAN: vulnerabilities -> 0
2024-01-16 12:01:45,287 - student_scan - INFO - SCAN: new_vulnerabilities -> 0
2024-01-16 12:01:45,289 - student_scan - INFO - SCAN: security_review_rating -> 1.0
2024-01-16 12:01:45,298 - student_scan - INFO - SCAN: new_security_review_rating -> 1.0
2024-01-16 12:01:45,300 - student_scan - INFO - SCAN: ==== SIZE ====
2024-01-16 12:01:45,443 - student_scan - INFO - SCAN: lines -> 444
2024-01-16 12:01:45,444 - student_scan - INFO - SCAN: comment_lines -> 30
2024-01-16 12:01:45,445 - student_scan - INFO - SCAN: classes -> 12
2024-01-16 12:01:45,446 - student_scan - INFO - SCAN: statements -> 81
2024-01-16 12:01:45,447 - student_scan - INFO - SCAN: comment_lines_density -> 10.0
2024-01-16 12:01:45,453 - student_scan - INFO - SCAN: ncloc -> 270
2024-01-16 12:01:45,454 - student_scan - INFO - SCAN: functions -> 31
2024-01-16 12:01:45,456 - student_scan - INFO - SCAN: ncloc_language_distribution -> java=208;xml=62
2024-01-16 12:01:45,457 - student_scan - INFO - SCAN: ==== TESTS ====
2024-01-16 12:01:45,579 - student_scan - INFO - SCAN: skipped_tests -> 0
2024-01-16 12:01:45,581 - student_scan - INFO - SCAN: new_lines_to_cover -> 8
2024-01-16 12:01:45,582 - student_scan - INFO - SCAN: test_execution_time -> 3
2024-01-16 12:01:45,584 - student_scan - INFO - SCAN: tests -> 2
2024-01-16 12:01:45,585 - student_scan - INFO - SCAN: test_errors -> 0
2024-01-16 12:01:45,586 - student_scan - INFO - SCAN: test_failures -> 0
2024-01-16 12:01:45,587 - student_scan - INFO - SCAN: new_uncovered_lines -> 8
2024-01-16 12:01:45,594 - student_scan - INFO - SCAN: test_success_density -> 100.0
2024-01-16 12:01:45,596 - student_scan - INFO - SCAN: new_coverage -> 0.0
2024-01-16 12:01:45,597 - student_scan - INFO - SCAN: coverage -> 0.0
2024-01-16 12:01:45,599 - student_scan - INFO - SCAN: line_coverage -> 0.0
2024-01-16 12:01:45,600 - student_scan - INFO - SCAN: uncovered_lines -> 111
2024-01-16 12:01:45,601 - student_scan - INFO - SCAN: new_line_coverage -> 0.0
2024-01-16 12:01:45,603 - student_scan - INFO - SCAN: lines_to_cover -> 111
2024-01-16 12:01:45,608 - student_scan - INFO - SCAN: new_uncovered_conditions -> 0
