2024-01-16 10:38:49,782 - student_scan - INFO - Log initialization
2024-01-16 10:39:43,756 - student_scan - INFO - SCAN: info_violations -> 0
2024-01-16 10:39:43,758 - student_scan - INFO - SCAN: sqale_rating -> 1.0
2024-01-16 10:39:43,760 - student_scan - INFO - SCAN: new_uncovered_conditions -> 0
2024-01-16 10:39:43,762 - student_scan - INFO - SCAN: duplicated_blocks -> 0
2024-01-16 10:39:43,763 - student_scan - INFO - SCAN: new_blocker_violations -> 0
2024-01-16 10:39:43,765 - student_scan - INFO - SCAN: functions -> 29
2024-01-16 10:39:43,776 - student_scan - INFO - SCAN: bugs -> 0
2024-01-16 10:39:43,778 - student_scan - INFO - SCAN: lines_to_cover -> 103
2024-01-16 10:39:43,779 - student_scan - INFO - SCAN: open_issues -> 27
2024-01-16 10:39:43,786 - student_scan - INFO - SCAN: sqale_debt_ratio -> 2.8
2024-01-16 10:39:43,787 - student_scan - INFO - SCAN: line_coverage -> 0.0
2024-01-16 10:39:43,788 - student_scan - INFO - SCAN: confirmed_issues -> 0
2024-01-16 10:39:43,789 - student_scan - INFO - SCAN: new_security_review_rating -> 1.0
2024-01-16 10:39:43,791 - student_scan - INFO - SCAN: critical_violations -> 6
2024-01-16 10:39:43,792 - student_scan - INFO - SCAN: statements -> 75
2024-01-16 10:39:43,794 - student_scan - INFO - SCAN: new_minor_violations -> 0
2024-01-16 10:39:43,795 - student_scan - INFO - SCAN: security_remediation_effort -> 0
2024-01-16 10:39:43,809 - student_scan - INFO - SCAN: coverage -> 0.0
2024-01-16 10:39:43,820 - student_scan - INFO - SCAN: reliability_remediation_effort -> 0
2024-01-16 10:39:43,821 - student_scan - INFO - SCAN: new_sqale_debt_ratio -> 0.0
2024-01-16 10:39:43,821 - student_scan - INFO - SCAN: ncloc -> 232
2024-01-16 10:39:43,822 - student_scan - INFO - SCAN: alert_status -> OK
2024-01-16 10:39:43,823 - student_scan - INFO - SCAN: uncovered_lines -> 103
2024-01-16 10:39:43,824 - student_scan - INFO - SCAN: new_technical_debt -> 0
2024-01-16 10:39:43,827 - student_scan - INFO - SCAN: reopened_issues -> 0
2024-01-16 10:39:43,830 - student_scan - INFO - SCAN: blocker_violations -> 0
2024-01-16 10:39:43,831 - student_scan - INFO - SCAN: quality_gate_details -> {"level":"OK","conditions":[{"metric":"new_violations","op":"GT","period":1,"error":"0","actual":"0","level":"OK"}],"ignoredConditions":false}
2024-01-16 10:39:43,832 - student_scan - INFO - SCAN: new_reliability_remediation_effort -> 0
2024-01-16 10:39:43,833 - student_scan - INFO - SCAN: major_violations -> 13
2024-01-16 10:39:43,833 - student_scan - INFO - SCAN: violations -> 27
2024-01-16 10:39:43,834 - student_scan - INFO - SCAN: new_bugs -> 0
2024-01-16 10:39:43,834 - student_scan - INFO - SCAN: duplicated_files -> 0
2024-01-16 10:39:43,835 - student_scan - INFO - SCAN: lines -> 390
2024-01-16 10:39:43,836 - student_scan - INFO - SCAN: cognitive_complexity -> 22
2024-01-16 10:39:43,836 - student_scan - INFO - SCAN: new_code_smells -> 0
2024-01-16 10:39:43,837 - student_scan - INFO - SCAN: comment_lines_density -> 10.1
2024-01-16 10:39:43,838 - student_scan - INFO - SCAN: security_hotspots -> 0
2024-01-16 10:39:43,838 - student_scan - INFO - SCAN: complexity -> 44
2024-01-16 10:39:43,839 - student_scan - INFO - SCAN: reliability_rating -> 1.0
2024-01-16 10:39:43,839 - student_scan - INFO - SCAN: code_smells -> 27
2024-01-16 10:39:43,842 - student_scan - INFO - SCAN: minor_violations -> 8
2024-01-16 10:39:43,843 - student_scan - INFO - SCAN: new_violations -> 0
2024-01-16 10:39:43,848 - student_scan - INFO - SCAN: security_review_rating -> 1.0
2024-01-16 10:39:43,849 - student_scan - INFO - SCAN: sqale_index -> 197
2024-01-16 10:39:43,850 - student_scan - INFO - SCAN: ncloc_language_distribution -> java=191;xml=41
2024-01-16 10:39:43,851 - student_scan - INFO - SCAN: comment_lines -> 26
2024-01-16 10:39:43,851 - student_scan - INFO - SCAN: new_vulnerabilities -> 0
2024-01-16 10:39:43,852 - student_scan - INFO - SCAN: new_major_violations -> 0
2024-01-16 10:39:43,853 - student_scan - INFO - SCAN: vulnerabilities -> 0
2024-01-16 10:39:43,854 - student_scan - INFO - SCAN: new_critical_violations -> 0
2024-01-16 10:39:43,854 - student_scan - INFO - SCAN: new_security_hotspots -> 0
2024-01-16 10:39:43,855 - student_scan - INFO - SCAN: new_info_violations -> 0
2024-01-16 10:39:43,856 - student_scan - INFO - SCAN: security_rating -> 1.0
2024-01-16 10:39:43,859 - student_scan - INFO - SCAN: new_lines_to_cover -> 0
2024-01-16 10:39:43,860 - student_scan - INFO - SCAN: new_uncovered_lines -> 0
2024-01-16 10:39:43,867 - student_scan - INFO - SCAN: classes -> 11
