2024-01-16 10:38:49,780 - student - INFO - Log initialization
2024-01-16 10:38:49,781 - student - INFO - START: 2052031 - lohithdemo
2024-01-16 10:38:49,891 - student - ERROR - (3, 'rmdir C:\\evaluate\\build\\20240116103848\\2052031\\lohithdemo\\java-core /S /Q')
2024-01-16 10:38:49,891 - student - INFO - CLONE: https://github.com/lohithdemo/java-core
2024-01-16 10:38:51,098 - student - INFO - CLONE: Successful
2024-01-16 10:38:51,101 - student - INFO - BUILD: Start
2024-01-16 10:38:59,945 - student - INFO - BUILD: Successful
2024-01-16 10:38:59,946 - student - INFO - BUILD: Start
2024-01-16 10:39:43,087 - student - INFO - SCAN: Successful
2024-01-16 10:39:43,867 - student - INFO - TEST: Start
2024-01-16 10:39:44,508 - student - INFO - TEST: START D01
2024-01-16 10:39:44,510 - student - INFO - TEST: START D01 tc_01
2024-01-16 10:39:44,616 - student - INFO - TEST: END D01 tc_01
2024-01-16 10:39:44,618 - student - INFO - TEST: START D01 tc_02
2024-01-16 10:39:44,715 - student - INFO - TEST: END D01 tc_02
2024-01-16 10:39:44,734 - student - INFO - TEST: END D01
2024-01-16 10:39:44,736 - student - INFO - TEST: START D02
2024-01-16 10:39:44,753 - student - INFO - TEST: START D02 tc_01
2024-01-16 10:39:44,765 - student - INFO - TEST: END D02 tc_01
2024-01-16 10:39:44,766 - student - INFO - TEST: START D02 tc_02
2024-01-16 10:39:44,772 - student - INFO - TEST: END D02 tc_02
2024-01-16 10:39:44,777 - student - INFO - TEST: START D02 tc_03
2024-01-16 10:39:44,783 - student - INFO - TEST: END D02 tc_03
2024-01-16 10:39:44,797 - student - INFO - TEST: END D02
2024-01-16 10:39:44,799 - student - INFO - TEST: SKIP D03
2024-01-16 10:39:44,802 - student - INFO - TEST: SKIP D04
2024-01-16 10:39:44,804 - student - INFO - TEST: SKIP D05
2024-01-16 10:39:44,812 - student - INFO - TEST: SKIP D06
2024-01-16 10:39:44,814 - student - INFO - TEST: SKIP D07
2024-01-16 10:39:44,817 - student - INFO - TEST: SKIP D08
2024-01-16 10:39:44,818 - student - INFO - TEST: SKIP D09
2024-01-16 10:39:44,820 - student - INFO - TEST: SKIP D10
2024-01-16 10:39:44,820 - student - INFO - TEST: End
