2024-01-09 17:05:21,738 - student - INFO - Log initialization
2024-01-09 17:05:21,739 - student - INFO - START: 2052031 - lohithdemo
2024-01-09 17:05:21,862 - student - ERROR - (3, 'rmdir C:\\evaluate\\build\\20240109170520\\2052031\\lohithdemo\\java-core /S /Q')
2024-01-09 17:05:21,863 - student - INFO - CLONE: https://github.com/lohithdemo/java-core
2024-01-09 17:05:23,054 - student - INFO - CLONE: Successful
2024-01-09 17:05:23,063 - student - INFO - BUILD: Start
2024-01-09 17:05:29,525 - student - INFO - BUILD: Successful
2024-01-09 17:05:29,528 - student - INFO - TEST: Start
2024-01-09 17:05:30,183 - student - INFO - TEST: START D01
2024-01-09 17:05:30,293 - student - INFO - TEST: START D01 tc_03
2024-01-09 17:05:30,375 - student - INFO - TEST: END D01 tc_03
2024-01-09 17:05:30,391 - student - INFO - TEST: END D01
2024-01-09 17:05:30,393 - student - INFO - TEST: SKIP D02
2024-01-09 17:05:30,395 - student - INFO - TEST: SKIP D03
2024-01-09 17:05:30,396 - student - INFO - TEST: SKIP D04
2024-01-09 17:05:30,397 - student - INFO - TEST: SKIP D05
2024-01-09 17:05:30,405 - student - INFO - TEST: SKIP D06
2024-01-09 17:05:30,406 - student - INFO - TEST: SKIP D07
2024-01-09 17:05:30,408 - student - INFO - TEST: SKIP D08
2024-01-09 17:05:30,411 - student - INFO - TEST: SKIP D09
2024-01-09 17:05:30,412 - student - INFO - TEST: SKIP D10
2024-01-09 17:05:30,413 - student - INFO - TEST: End
