2024-01-08 11:55:33,684 - student - INFO - Log initialization
2024-01-08 11:55:33,686 - student - INFO - START: 2052031 - lohithdemo
2024-01-08 11:55:33,831 - student - ERROR - (3, 'rmdir C:\\evaluate\\build\\20240108115532\\2052031\\lohithdemo\\java-core /S /Q')
2024-01-08 11:55:33,839 - student - INFO - CLONE: https://github.com/lohithdemo/java-core
2024-01-08 11:55:34,836 - student - INFO - CLONE: Successful
2024-01-08 11:55:34,838 - student - INFO - BUILD: Start
2024-01-08 11:55:40,760 - student - INFO - BUILD: Successful
2024-01-08 11:55:40,760 - student - INFO - TEST: Start
2024-01-08 11:55:41,431 - student - INFO - TEST: SKIP D01
2024-01-08 11:55:41,437 - student - INFO - TEST: START D02
2024-01-08 11:55:41,589 - student - INFO - TEST: END D02
2024-01-08 11:55:41,590 - student - INFO - TEST: SKIP D03
2024-01-08 11:55:41,597 - student - INFO - TEST: SKIP D04
2024-01-08 11:55:41,598 - student - INFO - TEST: SKIP D05
2024-01-08 11:55:41,601 - student - INFO - TEST: SKIP D06
2024-01-08 11:55:41,604 - student - INFO - TEST: SKIP D07
2024-01-08 11:55:41,606 - student - INFO - TEST: SKIP D08
2024-01-08 11:55:41,614 - student - INFO - TEST: SKIP D09
2024-01-08 11:55:41,617 - student - INFO - TEST: SKIP D10
2024-01-08 11:55:41,618 - student - INFO - TEST: End
